<?xml version="1.0" encoding="UTF-8"?>
<!-- Generated by org.testng.reporters.JUnitXMLReporter -->
<testsuite ignored="0" hostname="DESKTOP-LJUN8GS" failures="0" tests="10" name="chrome tests" time="43.626" errors="0" timestamp="2024-01-28T20:58:14 EET">
  <testcase classname="main.Setup" name="@BeforeMethod initialize_browser" time="1.048">
    <failure type="org.openqa.selenium.SessionNotCreatedException" message="Could not start a new session. Response code 500. Message: session not created: Microsoft Edge failed to start: crashed.
  (session not created: DevToolsActivePort file doesn&amp;apos;t exist)
  (The process started from msedge location C:\Program Files (x86)\Microsoft\Edge\Application\msedge.exe is no longer running, so msedgedriver is assuming that msedge has crashed.) 
Host info: host: &amp;apos;DESKTOP-LJUN8GS&amp;apos;, ip: &amp;apos;192.168.1.7&amp;apos;
Build info: version: &amp;apos;4.16.1&amp;apos;, revision: &amp;apos;9b4c83354e&amp;apos;
System info: os.name: &amp;apos;Windows 11&amp;apos;, os.arch: &amp;apos;amd64&amp;apos;, os.version: &amp;apos;10.0&amp;apos;, java.version: &amp;apos;17.0.6&amp;apos;
Driver info: org.openqa.selenium.edge.EdgeDriver
Command: [null, newSession {capabilities=[Capabilities {browserName: MicrosoftEdge, ms:edgeOptions: {args: [--headless, --remote-allow-origins=*, --window-size=1280,800, --disable-gpu, --no-sandbox, --allow-insecure-localhost], binary: C:\Program Files (x86)\Micr..., extensions: []}}]}]">
      <![CDATA[org.openqa.selenium.SessionNotCreatedException: Could not start a new session. Response code 500. Message: session not created: Microsoft Edge failed to start: crashed.
  (session not created: DevToolsActivePort file doesn't exist)
  (The process started from msedge location C:\Program Files (x86)\Microsoft\Edge\Application\msedge.exe is no longer running, so msedgedriver is assuming that msedge has crashed.) 
Host info: host: 'DESKTOP-LJUN8GS', ip: '192.168.1.7'
Build info: version: '4.16.1', revision: '9b4c83354e'
System info: os.name: 'Windows 11', os.arch: 'amd64', os.version: '10.0', java.version: '17.0.6'
Driver info: org.openqa.selenium.edge.EdgeDriver
Command: [null, newSession {capabilities=[Capabilities {browserName: MicrosoftEdge, ms:edgeOptions: {args: [--headless, --remote-allow-origins=*, --window-size=1280,800, --disable-gpu, --no-sandbox, --allow-insecure-localhost], binary: C:\Program Files (x86)\Micr..., extensions: []}}]}]
at org.openqa.selenium.remote.ProtocolHandshake.createSession(ProtocolHandshake.java:140)
at org.openqa.selenium.remote.ProtocolHandshake.createSession(ProtocolHandshake.java:96)
at org.openqa.selenium.remote.ProtocolHandshake.createSession(ProtocolHandshake.java:68)
at org.openqa.selenium.remote.HttpCommandExecutor.execute(HttpCommandExecutor.java:163)
at org.openqa.selenium.remote.service.DriverCommandExecutor.invokeExecute(DriverCommandExecutor.java:200)
at org.openqa.selenium.remote.service.DriverCommandExecutor.execute(DriverCommandExecutor.java:175)
at org.openqa.selenium.remote.RemoteWebDriver.execute(RemoteWebDriver.java:523)
at org.openqa.selenium.remote.RemoteWebDriver.startSession(RemoteWebDriver.java:237)
at org.openqa.selenium.remote.RemoteWebDriver.<init>(RemoteWebDriver.java:164)
at org.openqa.selenium.chromium.ChromiumDriver.<init>(ChromiumDriver.java:114)
at org.openqa.selenium.edge.EdgeDriver.<init>(EdgeDriver.java:61)
at org.openqa.selenium.edge.EdgeDriver.<init>(EdgeDriver.java:57)
at org.openqa.selenium.edge.EdgeDriver.<init>(EdgeDriver.java:49)
at browsers.Edge.init_edge(Edge.java:19)
at main.Setup.initialize_browser(Setup.java:53)
at java.base/java.util.ArrayList.forEach(ArrayList.java:1511)
at java.base/java.util.concurrent.FutureTask.run(FutureTask.java:264)
at java.base/java.util.concurrent.ThreadPoolExecutor.runWorker(ThreadPoolExecutor.java:1136)
at java.base/java.util.concurrent.ThreadPoolExecutor$Worker.run(ThreadPoolExecutor.java:635)
at java.base/java.lang.Thread.run(Thread.java:833)
... Removed 21 stack frames]]>
    </failure>
  </testcase> <!-- @BeforeMethod initialize_browser -->
  <testcase classname="main.Setup" name="@AfterMethod close_browser" time="0.0">
    <skipped/>
  </testcase> <!-- @AfterMethod close_browser -->
  <testcase classname="main.Setup" name="@BeforeMethod initialize_browser" time="0.0">
    <skipped/>
  </testcase> <!-- @BeforeMethod initialize_browser -->
  <testcase classname="main.Setup" name="@AfterMethod close_browser" time="0.0">
    <skipped/>
  </testcase> <!-- @AfterMethod close_browser -->
  <testcase classname="main.Setup" name="@BeforeMethod initialize_browser" time="0.0">
    <skipped/>
  </testcase> <!-- @BeforeMethod initialize_browser -->
  <testcase classname="main.Setup" name="@AfterMethod close_browser" time="0.0">
    <skipped/>
  </testcase> <!-- @AfterMethod close_browser -->
  <testcase classname="main.Setup" name="@BeforeMethod initialize_browser" time="0.0">
    <skipped/>
  </testcase> <!-- @BeforeMethod initialize_browser -->
  <testcase classname="main.Setup" name="@AfterMethod close_browser" time="0.0">
    <skipped/>
  </testcase> <!-- @AfterMethod close_browser -->
  <testcase classname="main.Setup" name="@BeforeMethod initialize_browser" time="0.0">
    <skipped/>
  </testcase> <!-- @BeforeMethod initialize_browser -->
  <testcase classname="main.Setup" name="@AfterMethod close_browser" time="0.0">
    <skipped/>
  </testcase> <!-- @AfterMethod close_browser -->
  <testcase classname="main.Setup" name="@BeforeMethod initialize_browser" time="0.0">
    <skipped/>
  </testcase> <!-- @BeforeMethod initialize_browser -->
  <testcase classname="main.Setup" name="@AfterMethod close_browser" time="0.0">
    <skipped/>
  </testcase> <!-- @AfterMethod close_browser -->
  <testcase classname="main.Setup" name="@BeforeMethod initialize_browser" time="0.0">
    <skipped/>
  </testcase> <!-- @BeforeMethod initialize_browser -->
  <testcase classname="main.Setup" name="@AfterMethod close_browser" time="0.0">
    <skipped/>
  </testcase> <!-- @AfterMethod close_browser -->
  <testcase classname="main.Setup" name="@BeforeMethod initialize_browser" time="0.0">
    <skipped/>
  </testcase> <!-- @BeforeMethod initialize_browser -->
  <testcase classname="main.Setup" name="@AfterMethod close_browser" time="0.0">
    <skipped/>
  </testcase> <!-- @AfterMethod close_browser -->
  <testcase classname="main.Setup" name="@BeforeMethod initialize_browser" time="0.0">
    <skipped/>
  </testcase> <!-- @BeforeMethod initialize_browser -->
  <testcase classname="main.Setup" name="@AfterMethod close_browser" time="0.0">
    <skipped/>
  </testcase> <!-- @AfterMethod close_browser -->
  <testcase classname="main.Setup" name="@BeforeMethod initialize_browser" time="0.0">
    <skipped/>
  </testcase> <!-- @BeforeMethod initialize_browser -->
  <testcase classname="main.Setup" name="@AfterMethod close_browser" time="0.0">
    <skipped/>
  </testcase> <!-- @AfterMethod close_browser -->
  <testcase classname="tests.Tests" name="failed_json_login" time="1.866"/>
  <testcase classname="tests.Tests" name="failed_json_login" time="1.518"/>
  <testcase classname="tests.Tests" name="failed_json_login" time="1.805"/>
  <testcase classname="tests.Tests" name="failed_json_login" time="2.156"/>
  <testcase classname="tests.Tests" name="failed_login" time="1.427"/>
  <testcase classname="tests.Tests" name="failed_login" time="2.114"/>
  <testcase classname="tests.Tests" name="failed_login_excel" time="2.073"/>
  <testcase classname="tests.Tests" name="failed_login_excel" time="1.829"/>
  <testcase classname="tests.Tests" name="failed_login_excel" time="1.7"/>
  <testcase classname="tests.Tests" name="successfull_login" time="1.521"/>
</testsuite> <!-- chrome tests -->
