<?xml version="1.0" encoding="UTF-8"?>
<testsuite xmlns:xsi="http://www.w3.org/2001/XMLSchema-instance" xsi:noNamespaceSchemaLocation="https://maven.apache.org/surefire/maven-surefire-plugin/xsd/surefire-test-report-3.0.xsd" version="3.0" name="TestSuite" time="51.523" tests="50" errors="0" skipped="29" failures="1">
  <properties>
    <property name="java.specification.version" value="17"/>
    <property name="sun.cpu.isalist" value="amd64"/>
    <property name="sun.jnu.encoding" value="Cp1252"/>
    <property name="java.class.path" value="C:\Users\USER\Desktop\auto\auto\target\test-classes;C:\Users\USER\Desktop\auto\auto\target\classes;C:\WINDOWS\system32\config\systemprofile\.m2\repository\org\seleniumhq\selenium\selenium-java\4.16.1\selenium-java-4.16.1.jar;C:\WINDOWS\system32\config\systemprofile\.m2\repository\org\seleniumhq\selenium\selenium-api\4.16.1\selenium-api-4.16.1.jar;C:\WINDOWS\system32\config\systemprofile\.m2\repository\org\seleniumhq\selenium\selenium-chrome-driver\4.16.1\selenium-chrome-driver-4.16.1.jar;C:\WINDOWS\system32\config\systemprofile\.m2\repository\com\google\auto\service\auto-service-annotations\1.1.1\auto-service-annotations-1.1.1.jar;C:\WINDOWS\system32\config\systemprofile\.m2\repository\org\seleniumhq\selenium\selenium-chromium-driver\4.16.1\selenium-chromium-driver-4.16.1.jar;C:\WINDOWS\system32\config\systemprofile\.m2\repository\org\seleniumhq\selenium\selenium-json\4.16.1\selenium-json-4.16.1.jar;C:\WINDOWS\system32\config\systemprofile\.m2\repository\org\seleniumhq\selenium\selenium-manager\4.16.1\selenium-manager-4.16.1.jar;C:\WINDOWS\system32\config\systemprofile\.m2\repository\org\seleniumhq\selenium\selenium-devtools-v118\4.16.1\selenium-devtools-v118-4.16.1.jar;C:\WINDOWS\system32\config\systemprofile\.m2\repository\org\seleniumhq\selenium\selenium-devtools-v119\4.16.1\selenium-devtools-v119-4.16.1.jar;C:\WINDOWS\system32\config\systemprofile\.m2\repository\org\seleniumhq\selenium\selenium-devtools-v120\4.16.1\selenium-devtools-v120-4.16.1.jar;C:\WINDOWS\system32\config\systemprofile\.m2\repository\org\seleniumhq\selenium\selenium-devtools-v85\4.16.1\selenium-devtools-v85-4.16.1.jar;C:\WINDOWS\system32\config\systemprofile\.m2\repository\org\seleniumhq\selenium\selenium-edge-driver\4.16.1\selenium-edge-driver-4.16.1.jar;C:\WINDOWS\system32\config\systemprofile\.m2\repository\org\seleniumhq\selenium\selenium-firefox-driver\4.16.1\selenium-firefox-driver-4.16.1.jar;C:\WINDOWS\system32\config\systemprofile\.m2\repository\org\seleniumhq\selenium\selenium-http\4.16.1\selenium-http-4.16.1.jar;C:\WINDOWS\system32\config\systemprofile\.m2\repository\dev\failsafe\failsafe\3.3.2\failsafe-3.3.2.jar;C:\WINDOWS\system32\config\systemprofile\.m2\repository\org\seleniumhq\selenium\selenium-ie-driver\4.16.1\selenium-ie-driver-4.16.1.jar;C:\WINDOWS\system32\config\systemprofile\.m2\repository\org\seleniumhq\selenium\selenium-remote-driver\4.16.1\selenium-remote-driver-4.16.1.jar;C:\WINDOWS\system32\config\systemprofile\.m2\repository\com\google\guava\guava\32.1.2-jre\guava-32.1.2-jre.jar;C:\WINDOWS\system32\config\systemprofile\.m2\repository\com\google\guava\failureaccess\1.0.1\failureaccess-1.0.1.jar;C:\WINDOWS\system32\config\systemprofile\.m2\repository\com\google\guava\listenablefuture\9999.0-empty-to-avoid-conflict-with-guava\listenablefuture-9999.0-empty-to-avoid-conflict-with-guava.jar;C:\WINDOWS\system32\config\systemprofile\.m2\repository\com\google\code\findbugs\jsr305\3.0.2\jsr305-3.0.2.jar;C:\WINDOWS\system32\config\systemprofile\.m2\repository\org\checkerframework\checker-qual\3.33.0\checker-qual-3.33.0.jar;C:\WINDOWS\system32\config\systemprofile\.m2\repository\com\google\errorprone\error_prone_annotations\2.18.0\error_prone_annotations-2.18.0.jar;C:\WINDOWS\system32\config\systemprofile\.m2\repository\com\google\j2objc\j2objc-annotations\2.8\j2objc-annotations-2.8.jar;C:\WINDOWS\system32\config\systemprofile\.m2\repository\io\opentelemetry\opentelemetry-api\1.28.0\opentelemetry-api-1.28.0.jar;C:\WINDOWS\system32\config\systemprofile\.m2\repository\io\opentelemetry\opentelemetry-context\1.28.0\opentelemetry-context-1.28.0.jar;C:\WINDOWS\system32\config\systemprofile\.m2\repository\io\opentelemetry\opentelemetry-exporter-logging\1.28.0\opentelemetry-exporter-logging-1.28.0.jar;C:\WINDOWS\system32\config\systemprofile\.m2\repository\io\opentelemetry\opentelemetry-sdk-metrics\1.28.0\opentelemetry-sdk-metrics-1.28.0.jar;C:\WINDOWS\system32\config\systemprofile\.m2\repository\io\opentelemetry\opentelemetry-extension-incubator\1.28.0-alpha\opentelemetry-extension-incubator-1.28.0-alpha.jar;C:\WINDOWS\system32\config\systemprofile\.m2\repository\io\opentelemetry\opentelemetry-sdk-logs\1.28.0\opentelemetry-sdk-logs-1.28.0.jar;C:\WINDOWS\system32\config\systemprofile\.m2\repository\io\opentelemetry\opentelemetry-sdk-common\1.28.0\opentelemetry-sdk-common-1.28.0.jar;C:\WINDOWS\system32\config\systemprofile\.m2\repository\io\opentelemetry\opentelemetry-sdk-extension-autoconfigure-spi\1.28.0\opentelemetry-sdk-extension-autoconfigure-spi-1.28.0.jar;C:\WINDOWS\system32\config\systemprofile\.m2\repository\io\opentelemetry\opentelemetry-sdk-extension-autoconfigure\1.28.0\opentelemetry-sdk-extension-autoconfigure-1.28.0.jar;C:\WINDOWS\system32\config\systemprofile\.m2\repository\io\opentelemetry\opentelemetry-api-events\1.28.0-alpha\opentelemetry-api-events-1.28.0-alpha.jar;C:\WINDOWS\system32\config\systemprofile\.m2\repository\io\opentelemetry\opentelemetry-sdk-trace\1.28.0\opentelemetry-sdk-trace-1.28.0.jar;C:\WINDOWS\system32\config\systemprofile\.m2\repository\io\opentelemetry\opentelemetry-sdk\1.28.0\opentelemetry-sdk-1.28.0.jar;C:\WINDOWS\system32\config\systemprofile\.m2\repository\io\opentelemetry\opentelemetry-semconv\1.28.0-alpha\opentelemetry-semconv-1.28.0-alpha.jar;C:\WINDOWS\system32\config\systemprofile\.m2\repository\net\bytebuddy\byte-buddy\1.14.5\byte-buddy-1.14.5.jar;C:\WINDOWS\system32\config\systemprofile\.m2\repository\org\seleniumhq\selenium\selenium-os\4.16.1\selenium-os-4.16.1.jar;C:\WINDOWS\system32\config\systemprofile\.m2\repository\org\apache\commons\commons-exec\1.3\commons-exec-1.3.jar;C:\WINDOWS\system32\config\systemprofile\.m2\repository\org\seleniumhq\selenium\selenium-safari-driver\4.16.1\selenium-safari-driver-4.16.1.jar;C:\WINDOWS\system32\config\systemprofile\.m2\repository\org\seleniumhq\selenium\selenium-support\4.16.1\selenium-support-4.16.1.jar;C:\WINDOWS\system32\config\systemprofile\.m2\repository\org\testng\testng\7.9.0\testng-7.9.0.jar;C:\WINDOWS\system32\config\systemprofile\.m2\repository\org\slf4j\slf4j-api\1.7.36\slf4j-api-1.7.36.jar;C:\WINDOWS\system32\config\systemprofile\.m2\repository\com\beust\jcommander\1.82\jcommander-1.82.jar;C:\WINDOWS\system32\config\systemprofile\.m2\repository\org\webjars\jquery\3.7.1\jquery-3.7.1.jar;C:\WINDOWS\system32\config\systemprofile\.m2\repository\org\apache\logging\log4j\log4j-core\3.0.0-beta1\log4j-core-3.0.0-beta1.jar;C:\WINDOWS\system32\config\systemprofile\.m2\repository\org\apache\logging\log4j\log4j-plugins\3.0.0-beta1\log4j-plugins-3.0.0-beta1.jar;C:\WINDOWS\system32\config\systemprofile\.m2\repository\org\apache\logging\log4j\log4j-api\3.0.0-beta1\log4j-api-3.0.0-beta1.jar;C:\WINDOWS\system32\config\systemprofile\.m2\repository\io\qameta\allure\allure-testng\2.25.0\allure-testng-2.25.0.jar;C:\WINDOWS\system32\config\systemprofile\.m2\repository\io\qameta\allure\allure-java-commons\2.25.0\allure-java-commons-2.25.0.jar;C:\WINDOWS\system32\config\systemprofile\.m2\repository\io\qameta\allure\allure-model\2.25.0\allure-model-2.25.0.jar;C:\WINDOWS\system32\config\systemprofile\.m2\repository\io\qameta\allure\allure-test-filter\2.25.0\allure-test-filter-2.25.0.jar;C:\WINDOWS\system32\config\systemprofile\.m2\repository\org\apache\poi\poi-ooxml\5.2.5\poi-ooxml-5.2.5.jar;C:\WINDOWS\system32\config\systemprofile\.m2\repository\org\apache\poi\poi\5.2.5\poi-5.2.5.jar;C:\WINDOWS\system32\config\systemprofile\.m2\repository\commons-codec\commons-codec\1.16.0\commons-codec-1.16.0.jar;C:\WINDOWS\system32\config\systemprofile\.m2\repository\org\apache\commons\commons-math3\3.6.1\commons-math3-3.6.1.jar;C:\WINDOWS\system32\config\systemprofile\.m2\repository\com\zaxxer\SparseBitSet\1.3\SparseBitSet-1.3.jar;C:\WINDOWS\system32\config\systemprofile\.m2\repository\org\apache\poi\poi-ooxml-lite\5.2.5\poi-ooxml-lite-5.2.5.jar;C:\WINDOWS\system32\config\systemprofile\.m2\repository\org\apache\xmlbeans\xmlbeans\5.2.0\xmlbeans-5.2.0.jar;C:\WINDOWS\system32\config\systemprofile\.m2\repository\org\apache\commons\commons-compress\1.25.0\commons-compress-1.25.0.jar;C:\WINDOWS\system32\config\systemprofile\.m2\repository\commons-io\commons-io\2.15.0\commons-io-2.15.0.jar;C:\WINDOWS\system32\config\systemprofile\.m2\repository\com\github\virtuald\curvesapi\1.08\curvesapi-1.08.jar;C:\WINDOWS\system32\config\systemprofile\.m2\repository\org\apache\commons\commons-collections4\4.4\commons-collections4-4.4.jar;C:\WINDOWS\system32\config\systemprofile\.m2\repository\com\googlecode\json-simple\json-simple\1.1.1\json-simple-1.1.1.jar;C:\WINDOWS\system32\config\systemprofile\.m2\repository\junit\junit\4.10\junit-4.10.jar;C:\WINDOWS\system32\config\systemprofile\.m2\repository\org\hamcrest\hamcrest-core\1.1\hamcrest-core-1.1.jar;C:\WINDOWS\system32\config\systemprofile\.m2\repository\org\apache\maven\plugins\maven-surefire-plugin\3.2.5\maven-surefire-plugin-3.2.5.jar;C:\WINDOWS\system32\config\systemprofile\.m2\repository\org\apache\maven\surefire\maven-surefire-common\3.2.5\maven-surefire-common-3.2.5.jar;C:\WINDOWS\system32\config\systemprofile\.m2\repository\org\apache\maven\surefire\surefire-api\3.2.5\surefire-api-3.2.5.jar;C:\WINDOWS\system32\config\systemprofile\.m2\repository\org\apache\maven\surefire\surefire-logger-api\3.2.5\surefire-logger-api-3.2.5.jar;C:\WINDOWS\system32\config\systemprofile\.m2\repository\org\apache\maven\surefire\surefire-extensions-api\3.2.5\surefire-extensions-api-3.2.5.jar;C:\WINDOWS\system32\config\systemprofile\.m2\repository\org\apache\maven\surefire\surefire-booter\3.2.5\surefire-booter-3.2.5.jar;C:\WINDOWS\system32\config\systemprofile\.m2\repository\org\apache\maven\surefire\surefire-extensions-spi\3.2.5\surefire-extensions-spi-3.2.5.jar;C:\WINDOWS\system32\config\systemprofile\.m2\repository\org\eclipse\aether\aether-util\1.0.0.v20140518\aether-util-1.0.0.v20140518.jar;C:\WINDOWS\system32\config\systemprofile\.m2\repository\org\eclipse\aether\aether-api\1.0.0.v20140518\aether-api-1.0.0.v20140518.jar;C:\WINDOWS\system32\config\systemprofile\.m2\repository\org\apache\maven\shared\maven-common-artifact-filters\3.1.1\maven-common-artifact-filters-3.1.1.jar;C:\WINDOWS\system32\config\systemprofile\.m2\repository\org\apache\maven\maven-artifact\3.1.0\maven-artifact-3.1.0.jar;C:\WINDOWS\system32\config\systemprofile\.m2\repository\org\codehaus\plexus\plexus-utils\3.0.10\plexus-utils-3.0.10.jar;C:\WINDOWS\system32\config\systemprofile\.m2\repository\org\apache\maven\maven-core\3.1.0\maven-core-3.1.0.jar;C:\WINDOWS\system32\config\systemprofile\.m2\repository\org\apache\maven\maven-settings\3.1.0\maven-settings-3.1.0.jar;C:\WINDOWS\system32\config\systemprofile\.m2\repository\org\apache\maven\maven-settings-builder\3.1.0\maven-settings-builder-3.1.0.jar;C:\WINDOWS\system32\config\systemprofile\.m2\repository\org\apache\maven\maven-repository-metadata\3.1.0\maven-repository-metadata-3.1.0.jar;C:\WINDOWS\system32\config\systemprofile\.m2\repository\org\apache\maven\maven-model-builder\3.1.0\maven-model-builder-3.1.0.jar;C:\WINDOWS\system32\config\systemprofile\.m2\repository\org\apache\maven\maven-aether-provider\3.1.0\maven-aether-provider-3.1.0.jar;C:\WINDOWS\system32\config\systemprofile\.m2\repository\org\eclipse\aether\aether-spi\0.9.0.M2\aether-spi-0.9.0.M2.jar;C:\WINDOWS\system32\config\systemprofile\.m2\repository\org\eclipse\aether\aether-impl\0.9.0.M2\aether-impl-0.9.0.M2.jar;C:\WINDOWS\system32\config\systemprofile\.m2\repository\org\eclipse\sisu\org.eclipse.sisu.plexus\0.0.0.M2a\org.eclipse.sisu.plexus-0.0.0.M2a.jar;C:\WINDOWS\system32\config\systemprofile\.m2\repository\javax\enterprise\cdi-api\1.0\cdi-api-1.0.jar;C:\WINDOWS\system32\config\systemprofile\.m2\repository\javax\annotation\jsr250-api\1.0\jsr250-api-1.0.jar;C:\WINDOWS\system32\config\systemprofile\.m2\repository\javax\inject\javax.inject\1\javax.inject-1.jar;C:\WINDOWS\system32\config\systemprofile\.m2\repository\org\sonatype\sisu\sisu-guice\3.1.0\sisu-guice-3.1.0-no_aop.jar;C:\WINDOWS\system32\config\systemprofile\.m2\repository\aopalliance\aopalliance\1.0\aopalliance-1.0.jar;C:\WINDOWS\system32\config\systemprofile\.m2\repository\org\eclipse\sisu\org.eclipse.sisu.inject\0.0.0.M2a\org.eclipse.sisu.inject-0.0.0.M2a.jar;C:\WINDOWS\system32\config\systemprofile\.m2\repository\asm\asm\3.3.1\asm-3.3.1.jar;C:\WINDOWS\system32\config\systemprofile\.m2\repository\org\codehaus\plexus\plexus-interpolation\1.16\plexus-interpolation-1.16.jar;C:\WINDOWS\system32\config\systemprofile\.m2\repository\org\codehaus\plexus\plexus-classworlds\2.4.2\plexus-classworlds-2.4.2.jar;C:\WINDOWS\system32\config\systemprofile\.m2\repository\org\codehaus\plexus\plexus-component-annotations\1.5.5\plexus-component-annotations-1.5.5.jar;C:\WINDOWS\system32\config\systemprofile\.m2\repository\org\sonatype\plexus\plexus-sec-dispatcher\1.3\plexus-sec-dispatcher-1.3.jar;C:\WINDOWS\system32\config\systemprofile\.m2\repository\org\sonatype\plexus\plexus-cipher\1.4\plexus-cipher-1.4.jar;C:\WINDOWS\system32\config\systemprofile\.m2\repository\org\apache\maven\maven-plugin-api\3.1.0\maven-plugin-api-3.1.0.jar;C:\WINDOWS\system32\config\systemprofile\.m2\repository\org\codehaus\plexus\plexus-java\1.2.0\plexus-java-1.2.0.jar;C:\WINDOWS\system32\config\systemprofile\.m2\repository\org\ow2\asm\asm\9.6\asm-9.6.jar;C:\WINDOWS\system32\config\systemprofile\.m2\repository\com\thoughtworks\qdox\qdox\2.0.3\qdox-2.0.3.jar;C:\WINDOWS\system32\config\systemprofile\.m2\repository\org\apache\maven\surefire\surefire-shared-utils\3.2.5\surefire-shared-utils-3.2.5.jar;"/>
    <property name="java.vm.vendor" value="Oracle Corporation"/>
    <property name="sun.arch.data.model" value="64"/>
    <property name="user.variant" value=""/>
    <property name="java.vendor.url" value="https://java.oracle.com/"/>
    <property name="user.timezone" value="Africa/Cairo"/>
    <property name="os.name" value="Windows 11"/>
    <property name="java.vm.specification.version" value="17"/>
    <property name="sun.java.launcher" value="SUN_STANDARD"/>
    <property name="user.country" value="US"/>
    <property name="sun.boot.library.path" value="C:\Program Files\Java\jdk-17\bin"/>
    <property name="sun.java.command" value="C:\Windows\Temp\surefire7316983754536608010\surefirebooter-20240128205730371_3.jar C:\Windows\Temp\surefire7316983754536608010 2024-01-28T20-57-30_267-jvmRun1 surefire-20240128205730371_1tmp surefire_0-20240128205730371_2tmp"/>
    <property name="jdk.debug" value="release"/>
    <property name="surefire.test.class.path" value="C:\Users\USER\Desktop\auto\auto\target\test-classes;C:\Users\USER\Desktop\auto\auto\target\classes;C:\WINDOWS\system32\config\systemprofile\.m2\repository\org\seleniumhq\selenium\selenium-java\4.16.1\selenium-java-4.16.1.jar;C:\WINDOWS\system32\config\systemprofile\.m2\repository\org\seleniumhq\selenium\selenium-api\4.16.1\selenium-api-4.16.1.jar;C:\WINDOWS\system32\config\systemprofile\.m2\repository\org\seleniumhq\selenium\selenium-chrome-driver\4.16.1\selenium-chrome-driver-4.16.1.jar;C:\WINDOWS\system32\config\systemprofile\.m2\repository\com\google\auto\service\auto-service-annotations\1.1.1\auto-service-annotations-1.1.1.jar;C:\WINDOWS\system32\config\systemprofile\.m2\repository\org\seleniumhq\selenium\selenium-chromium-driver\4.16.1\selenium-chromium-driver-4.16.1.jar;C:\WINDOWS\system32\config\systemprofile\.m2\repository\org\seleniumhq\selenium\selenium-json\4.16.1\selenium-json-4.16.1.jar;C:\WINDOWS\system32\config\systemprofile\.m2\repository\org\seleniumhq\selenium\selenium-manager\4.16.1\selenium-manager-4.16.1.jar;C:\WINDOWS\system32\config\systemprofile\.m2\repository\org\seleniumhq\selenium\selenium-devtools-v118\4.16.1\selenium-devtools-v118-4.16.1.jar;C:\WINDOWS\system32\config\systemprofile\.m2\repository\org\seleniumhq\selenium\selenium-devtools-v119\4.16.1\selenium-devtools-v119-4.16.1.jar;C:\WINDOWS\system32\config\systemprofile\.m2\repository\org\seleniumhq\selenium\selenium-devtools-v120\4.16.1\selenium-devtools-v120-4.16.1.jar;C:\WINDOWS\system32\config\systemprofile\.m2\repository\org\seleniumhq\selenium\selenium-devtools-v85\4.16.1\selenium-devtools-v85-4.16.1.jar;C:\WINDOWS\system32\config\systemprofile\.m2\repository\org\seleniumhq\selenium\selenium-edge-driver\4.16.1\selenium-edge-driver-4.16.1.jar;C:\WINDOWS\system32\config\systemprofile\.m2\repository\org\seleniumhq\selenium\selenium-firefox-driver\4.16.1\selenium-firefox-driver-4.16.1.jar;C:\WINDOWS\system32\config\systemprofile\.m2\repository\org\seleniumhq\selenium\selenium-http\4.16.1\selenium-http-4.16.1.jar;C:\WINDOWS\system32\config\systemprofile\.m2\repository\dev\failsafe\failsafe\3.3.2\failsafe-3.3.2.jar;C:\WINDOWS\system32\config\systemprofile\.m2\repository\org\seleniumhq\selenium\selenium-ie-driver\4.16.1\selenium-ie-driver-4.16.1.jar;C:\WINDOWS\system32\config\systemprofile\.m2\repository\org\seleniumhq\selenium\selenium-remote-driver\4.16.1\selenium-remote-driver-4.16.1.jar;C:\WINDOWS\system32\config\systemprofile\.m2\repository\com\google\guava\guava\32.1.2-jre\guava-32.1.2-jre.jar;C:\WINDOWS\system32\config\systemprofile\.m2\repository\com\google\guava\failureaccess\1.0.1\failureaccess-1.0.1.jar;C:\WINDOWS\system32\config\systemprofile\.m2\repository\com\google\guava\listenablefuture\9999.0-empty-to-avoid-conflict-with-guava\listenablefuture-9999.0-empty-to-avoid-conflict-with-guava.jar;C:\WINDOWS\system32\config\systemprofile\.m2\repository\com\google\code\findbugs\jsr305\3.0.2\jsr305-3.0.2.jar;C:\WINDOWS\system32\config\systemprofile\.m2\repository\org\checkerframework\checker-qual\3.33.0\checker-qual-3.33.0.jar;C:\WINDOWS\system32\config\systemprofile\.m2\repository\com\google\errorprone\error_prone_annotations\2.18.0\error_prone_annotations-2.18.0.jar;C:\WINDOWS\system32\config\systemprofile\.m2\repository\com\google\j2objc\j2objc-annotations\2.8\j2objc-annotations-2.8.jar;C:\WINDOWS\system32\config\systemprofile\.m2\repository\io\opentelemetry\opentelemetry-api\1.28.0\opentelemetry-api-1.28.0.jar;C:\WINDOWS\system32\config\systemprofile\.m2\repository\io\opentelemetry\opentelemetry-context\1.28.0\opentelemetry-context-1.28.0.jar;C:\WINDOWS\system32\config\systemprofile\.m2\repository\io\opentelemetry\opentelemetry-exporter-logging\1.28.0\opentelemetry-exporter-logging-1.28.0.jar;C:\WINDOWS\system32\config\systemprofile\.m2\repository\io\opentelemetry\opentelemetry-sdk-metrics\1.28.0\opentelemetry-sdk-metrics-1.28.0.jar;C:\WINDOWS\system32\config\systemprofile\.m2\repository\io\opentelemetry\opentelemetry-extension-incubator\1.28.0-alpha\opentelemetry-extension-incubator-1.28.0-alpha.jar;C:\WINDOWS\system32\config\systemprofile\.m2\repository\io\opentelemetry\opentelemetry-sdk-logs\1.28.0\opentelemetry-sdk-logs-1.28.0.jar;C:\WINDOWS\system32\config\systemprofile\.m2\repository\io\opentelemetry\opentelemetry-sdk-common\1.28.0\opentelemetry-sdk-common-1.28.0.jar;C:\WINDOWS\system32\config\systemprofile\.m2\repository\io\opentelemetry\opentelemetry-sdk-extension-autoconfigure-spi\1.28.0\opentelemetry-sdk-extension-autoconfigure-spi-1.28.0.jar;C:\WINDOWS\system32\config\systemprofile\.m2\repository\io\opentelemetry\opentelemetry-sdk-extension-autoconfigure\1.28.0\opentelemetry-sdk-extension-autoconfigure-1.28.0.jar;C:\WINDOWS\system32\config\systemprofile\.m2\repository\io\opentelemetry\opentelemetry-api-events\1.28.0-alpha\opentelemetry-api-events-1.28.0-alpha.jar;C:\WINDOWS\system32\config\systemprofile\.m2\repository\io\opentelemetry\opentelemetry-sdk-trace\1.28.0\opentelemetry-sdk-trace-1.28.0.jar;C:\WINDOWS\system32\config\systemprofile\.m2\repository\io\opentelemetry\opentelemetry-sdk\1.28.0\opentelemetry-sdk-1.28.0.jar;C:\WINDOWS\system32\config\systemprofile\.m2\repository\io\opentelemetry\opentelemetry-semconv\1.28.0-alpha\opentelemetry-semconv-1.28.0-alpha.jar;C:\WINDOWS\system32\config\systemprofile\.m2\repository\net\bytebuddy\byte-buddy\1.14.5\byte-buddy-1.14.5.jar;C:\WINDOWS\system32\config\systemprofile\.m2\repository\org\seleniumhq\selenium\selenium-os\4.16.1\selenium-os-4.16.1.jar;C:\WINDOWS\system32\config\systemprofile\.m2\repository\org\apache\commons\commons-exec\1.3\commons-exec-1.3.jar;C:\WINDOWS\system32\config\systemprofile\.m2\repository\org\seleniumhq\selenium\selenium-safari-driver\4.16.1\selenium-safari-driver-4.16.1.jar;C:\WINDOWS\system32\config\systemprofile\.m2\repository\org\seleniumhq\selenium\selenium-support\4.16.1\selenium-support-4.16.1.jar;C:\WINDOWS\system32\config\systemprofile\.m2\repository\org\testng\testng\7.9.0\testng-7.9.0.jar;C:\WINDOWS\system32\config\systemprofile\.m2\repository\org\slf4j\slf4j-api\1.7.36\slf4j-api-1.7.36.jar;C:\WINDOWS\system32\config\systemprofile\.m2\repository\com\beust\jcommander\1.82\jcommander-1.82.jar;C:\WINDOWS\system32\config\systemprofile\.m2\repository\org\webjars\jquery\3.7.1\jquery-3.7.1.jar;C:\WINDOWS\system32\config\systemprofile\.m2\repository\org\apache\logging\log4j\log4j-core\3.0.0-beta1\log4j-core-3.0.0-beta1.jar;C:\WINDOWS\system32\config\systemprofile\.m2\repository\org\apache\logging\log4j\log4j-plugins\3.0.0-beta1\log4j-plugins-3.0.0-beta1.jar;C:\WINDOWS\system32\config\systemprofile\.m2\repository\org\apache\logging\log4j\log4j-api\3.0.0-beta1\log4j-api-3.0.0-beta1.jar;C:\WINDOWS\system32\config\systemprofile\.m2\repository\io\qameta\allure\allure-testng\2.25.0\allure-testng-2.25.0.jar;C:\WINDOWS\system32\config\systemprofile\.m2\repository\io\qameta\allure\allure-java-commons\2.25.0\allure-java-commons-2.25.0.jar;C:\WINDOWS\system32\config\systemprofile\.m2\repository\io\qameta\allure\allure-model\2.25.0\allure-model-2.25.0.jar;C:\WINDOWS\system32\config\systemprofile\.m2\repository\io\qameta\allure\allure-test-filter\2.25.0\allure-test-filter-2.25.0.jar;C:\WINDOWS\system32\config\systemprofile\.m2\repository\org\apache\poi\poi-ooxml\5.2.5\poi-ooxml-5.2.5.jar;C:\WINDOWS\system32\config\systemprofile\.m2\repository\org\apache\poi\poi\5.2.5\poi-5.2.5.jar;C:\WINDOWS\system32\config\systemprofile\.m2\repository\commons-codec\commons-codec\1.16.0\commons-codec-1.16.0.jar;C:\WINDOWS\system32\config\systemprofile\.m2\repository\org\apache\commons\commons-math3\3.6.1\commons-math3-3.6.1.jar;C:\WINDOWS\system32\config\systemprofile\.m2\repository\com\zaxxer\SparseBitSet\1.3\SparseBitSet-1.3.jar;C:\WINDOWS\system32\config\systemprofile\.m2\repository\org\apache\poi\poi-ooxml-lite\5.2.5\poi-ooxml-lite-5.2.5.jar;C:\WINDOWS\system32\config\systemprofile\.m2\repository\org\apache\xmlbeans\xmlbeans\5.2.0\xmlbeans-5.2.0.jar;C:\WINDOWS\system32\config\systemprofile\.m2\repository\org\apache\commons\commons-compress\1.25.0\commons-compress-1.25.0.jar;C:\WINDOWS\system32\config\systemprofile\.m2\repository\commons-io\commons-io\2.15.0\commons-io-2.15.0.jar;C:\WINDOWS\system32\config\systemprofile\.m2\repository\com\github\virtuald\curvesapi\1.08\curvesapi-1.08.jar;C:\WINDOWS\system32\config\systemprofile\.m2\repository\org\apache\commons\commons-collections4\4.4\commons-collections4-4.4.jar;C:\WINDOWS\system32\config\systemprofile\.m2\repository\com\googlecode\json-simple\json-simple\1.1.1\json-simple-1.1.1.jar;C:\WINDOWS\system32\config\systemprofile\.m2\repository\junit\junit\4.10\junit-4.10.jar;C:\WINDOWS\system32\config\systemprofile\.m2\repository\org\hamcrest\hamcrest-core\1.1\hamcrest-core-1.1.jar;C:\WINDOWS\system32\config\systemprofile\.m2\repository\org\apache\maven\plugins\maven-surefire-plugin\3.2.5\maven-surefire-plugin-3.2.5.jar;C:\WINDOWS\system32\config\systemprofile\.m2\repository\org\apache\maven\surefire\maven-surefire-common\3.2.5\maven-surefire-common-3.2.5.jar;C:\WINDOWS\system32\config\systemprofile\.m2\repository\org\apache\maven\surefire\surefire-api\3.2.5\surefire-api-3.2.5.jar;C:\WINDOWS\system32\config\systemprofile\.m2\repository\org\apache\maven\surefire\surefire-logger-api\3.2.5\surefire-logger-api-3.2.5.jar;C:\WINDOWS\system32\config\systemprofile\.m2\repository\org\apache\maven\surefire\surefire-extensions-api\3.2.5\surefire-extensions-api-3.2.5.jar;C:\WINDOWS\system32\config\systemprofile\.m2\repository\org\apache\maven\surefire\surefire-booter\3.2.5\surefire-booter-3.2.5.jar;C:\WINDOWS\system32\config\systemprofile\.m2\repository\org\apache\maven\surefire\surefire-extensions-spi\3.2.5\surefire-extensions-spi-3.2.5.jar;C:\WINDOWS\system32\config\systemprofile\.m2\repository\org\eclipse\aether\aether-util\1.0.0.v20140518\aether-util-1.0.0.v20140518.jar;C:\WINDOWS\system32\config\systemprofile\.m2\repository\org\eclipse\aether\aether-api\1.0.0.v20140518\aether-api-1.0.0.v20140518.jar;C:\WINDOWS\system32\config\systemprofile\.m2\repository\org\apache\maven\shared\maven-common-artifact-filters\3.1.1\maven-common-artifact-filters-3.1.1.jar;C:\WINDOWS\system32\config\systemprofile\.m2\repository\org\apache\maven\maven-artifact\3.1.0\maven-artifact-3.1.0.jar;C:\WINDOWS\system32\config\systemprofile\.m2\repository\org\codehaus\plexus\plexus-utils\3.0.10\plexus-utils-3.0.10.jar;C:\WINDOWS\system32\config\systemprofile\.m2\repository\org\apache\maven\maven-core\3.1.0\maven-core-3.1.0.jar;C:\WINDOWS\system32\config\systemprofile\.m2\repository\org\apache\maven\maven-settings\3.1.0\maven-settings-3.1.0.jar;C:\WINDOWS\system32\config\systemprofile\.m2\repository\org\apache\maven\maven-settings-builder\3.1.0\maven-settings-builder-3.1.0.jar;C:\WINDOWS\system32\config\systemprofile\.m2\repository\org\apache\maven\maven-repository-metadata\3.1.0\maven-repository-metadata-3.1.0.jar;C:\WINDOWS\system32\config\systemprofile\.m2\repository\org\apache\maven\maven-model-builder\3.1.0\maven-model-builder-3.1.0.jar;C:\WINDOWS\system32\config\systemprofile\.m2\repository\org\apache\maven\maven-aether-provider\3.1.0\maven-aether-provider-3.1.0.jar;C:\WINDOWS\system32\config\systemprofile\.m2\repository\org\eclipse\aether\aether-spi\0.9.0.M2\aether-spi-0.9.0.M2.jar;C:\WINDOWS\system32\config\systemprofile\.m2\repository\org\eclipse\aether\aether-impl\0.9.0.M2\aether-impl-0.9.0.M2.jar;C:\WINDOWS\system32\config\systemprofile\.m2\repository\org\eclipse\sisu\org.eclipse.sisu.plexus\0.0.0.M2a\org.eclipse.sisu.plexus-0.0.0.M2a.jar;C:\WINDOWS\system32\config\systemprofile\.m2\repository\javax\enterprise\cdi-api\1.0\cdi-api-1.0.jar;C:\WINDOWS\system32\config\systemprofile\.m2\repository\javax\annotation\jsr250-api\1.0\jsr250-api-1.0.jar;C:\WINDOWS\system32\config\systemprofile\.m2\repository\javax\inject\javax.inject\1\javax.inject-1.jar;C:\WINDOWS\system32\config\systemprofile\.m2\repository\org\sonatype\sisu\sisu-guice\3.1.0\sisu-guice-3.1.0-no_aop.jar;C:\WINDOWS\system32\config\systemprofile\.m2\repository\aopalliance\aopalliance\1.0\aopalliance-1.0.jar;C:\WINDOWS\system32\config\systemprofile\.m2\repository\org\eclipse\sisu\org.eclipse.sisu.inject\0.0.0.M2a\org.eclipse.sisu.inject-0.0.0.M2a.jar;C:\WINDOWS\system32\config\systemprofile\.m2\repository\asm\asm\3.3.1\asm-3.3.1.jar;C:\WINDOWS\system32\config\systemprofile\.m2\repository\org\codehaus\plexus\plexus-interpolation\1.16\plexus-interpolation-1.16.jar;C:\WINDOWS\system32\config\systemprofile\.m2\repository\org\codehaus\plexus\plexus-classworlds\2.4.2\plexus-classworlds-2.4.2.jar;C:\WINDOWS\system32\config\systemprofile\.m2\repository\org\codehaus\plexus\plexus-component-annotations\1.5.5\plexus-component-annotations-1.5.5.jar;C:\WINDOWS\system32\config\systemprofile\.m2\repository\org\sonatype\plexus\plexus-sec-dispatcher\1.3\plexus-sec-dispatcher-1.3.jar;C:\WINDOWS\system32\config\systemprofile\.m2\repository\org\sonatype\plexus\plexus-cipher\1.4\plexus-cipher-1.4.jar;C:\WINDOWS\system32\config\systemprofile\.m2\repository\org\apache\maven\maven-plugin-api\3.1.0\maven-plugin-api-3.1.0.jar;C:\WINDOWS\system32\config\systemprofile\.m2\repository\org\codehaus\plexus\plexus-java\1.2.0\plexus-java-1.2.0.jar;C:\WINDOWS\system32\config\systemprofile\.m2\repository\org\ow2\asm\asm\9.6\asm-9.6.jar;C:\WINDOWS\system32\config\systemprofile\.m2\repository\com\thoughtworks\qdox\qdox\2.0.3\qdox-2.0.3.jar;C:\WINDOWS\system32\config\systemprofile\.m2\repository\org\apache\maven\surefire\surefire-shared-utils\3.2.5\surefire-shared-utils-3.2.5.jar;"/>
    <property name="sun.cpu.endian" value="little"/>
    <property name="user.home" value="C:\WINDOWS\system32\config\systemprofile"/>
    <property name="user.language" value="en"/>
    <property name="java.specification.vendor" value="Oracle Corporation"/>
    <property name="java.version.date" value="2023-01-17"/>
    <property name="java.home" value="C:\Program Files\Java\jdk-17"/>
    <property name="file.separator" value="\"/>
    <property name="basedir" value="C:\Users\USER\Desktop\auto\auto"/>
    <property name="java.vm.compressedOopsMode" value="Zero based"/>
    <property name="line.separator" value="&#10;"/>
    <property name="java.vm.specification.vendor" value="Oracle Corporation"/>
    <property name="java.specification.name" value="Java Platform API Specification"/>
    <property name="surefire.real.class.path" value="C:\Windows\Temp\surefire7316983754536608010\surefirebooter-20240128205730371_3.jar"/>
    <property name="user.script" value=""/>
    <property name="sun.management.compiler" value="HotSpot 64-Bit Tiered Compilers"/>
    <property name="java.runtime.version" value="17.0.6+9-LTS-190"/>
    <property name="user.name" value="DESKTOP-LJUN8GS$"/>
    <property name="path.separator" value=";"/>
    <property name="os.version" value="10.0"/>
    <property name="java.runtime.name" value="Java(TM) SE Runtime Environment"/>
    <property name="file.encoding" value="Cp1252"/>
    <property name="java.vm.name" value="Java HotSpot(TM) 64-Bit Server VM"/>
    <property name="localRepository" value="C:\WINDOWS\system32\config\systemprofile\.m2\repository"/>
    <property name="java.vendor.url.bug" value="https://bugreport.java.com/bugreport/"/>
    <property name="java.io.tmpdir" value="C:\WINDOWS\TEMP\"/>
    <property name="java.version" value="17.0.6"/>
    <property name="user.dir" value="C:\Users\USER\Desktop\auto\auto"/>
    <property name="os.arch" value="amd64"/>
    <property name="java.vm.specification.name" value="Java Virtual Machine Specification"/>
    <property name="sun.os.patch.level" value=""/>
    <property name="native.encoding" value="Cp1252"/>
    <property name="java.library.path" value="C:\Program Files\Java\jdk-17\bin;C:\WINDOWS\Sun\Java\bin;C:\WINDOWS\system32;C:\WINDOWS;C:\Users\USER\Desktop\Carrer\Testing\maven\apache-maven-3.9.1/bin;C:\Program Files\Java\jdk-17/bin;C:\Program Files\Java\jdk-17/bin;C:\Program Files\Microsoft MPI\Bin\;C:\Windows\system32;C:\Windows;C:\Windows\System32\Wbem;C:\Windows\System32\WindowsPowerShell\v1.0\;C:\Windows\System32\OpenSSH\;C:\Program Files (x86)\NVIDIA Corporation\PhysX\Common;C:\Program Files\NVIDIA Corporation\NVIDIA NvDLISR;C:\Program Files\dotnet\;C:\WINDOWS\system32;C:\WINDOWS;C:\WINDOWS\System32\Wbem;C:\WINDOWS\System32\WindowsPowerShell\v1.0\;C:\WINDOWS\System32\OpenSSH\;C:\Users\USER\Desktop\Carrer\GitHub\Git\cmd;C:\Program Files\Java\jdk-17\bin;C:\Program Files (x86)\Microsoft SQL Server\160\DTS\Binn\;C:\Program Files\Azure Data Studio\bin;C:\Program Files (x86)\Microsoft SQL Server\160\Tools\Binn\;C:\Program Files\Microsoft SQL Server\160\Tools\Binn\;C:\Program Files\Microsoft SQL Server\Client SDK\ODBC\170\Tools\Binn\;C:\Program Files\Microsoft SQL Server\160\DTS\Binn\;C:\Users\USER\AppData\Local\Android\Sdk\platform-tools;C:\Program Files\Android\Android Studio\bin;C:\Users\USER\AppData\Local\Android\Sdk\build-tools;C:\Users\USER\AppData\Local\Android\Sdk\tools\bin;C:\Program Files\Android\Android Studio\jre\bin;C:\wamp64\bin\mysql\mysql8.0.31\bin;C:\wamp64\bin\php\php8.1.13;C:\ProgramData\ComposerSetup\bin;C:\Users\USER\AppData\Roaming\nvm;C:\Program Files\nodejs;C:\Users\USER\Desktop\Carrer\Testing\maven\apache-maven-3.9.1\bin;C:\WINDOWS\system32\config\systemprofile\AppData\Local\Microsoft\WindowsApps;."/>
    <property name="java.vm.info" value="mixed mode, sharing"/>
    <property name="java.vendor" value="Oracle Corporation"/>
    <property name="java.vm.version" value="17.0.6+9-LTS-190"/>
    <property name="sun.io.unicode.encoding" value="UnicodeLittle"/>
    <property name="java.class.version" value="61.0"/>
  </properties>
  <testcase name="initialize_browser[edge](0)" classname="tests.Tests" time="1.765">
    <failure message="Could not start a new session. Response code 500. Message: session not created: Microsoft Edge failed to start: crashed.&#10;  (session not created: DevToolsActivePort file doesn&apos;t exist)&#10;  (The process started from msedge location C:\Program Files (x86)\Microsoft\Edge\Application\msedge.exe is no longer running, so msedgedriver is assuming that msedge has crashed.) &#10;Host info: host: &apos;DESKTOP-LJUN8GS&apos;, ip: &apos;192.168.1.7&apos;&#10;Build info: version: &apos;4.16.1&apos;, revision: &apos;9b4c83354e&apos;&#10;System info: os.name: &apos;Windows 11&apos;, os.arch: &apos;amd64&apos;, os.version: &apos;10.0&apos;, java.version: &apos;17.0.6&apos;&#10;Driver info: org.openqa.selenium.edge.EdgeDriver&#10;Command: [null, newSession {capabilities=[Capabilities {browserName: MicrosoftEdge, ms:edgeOptions: {args: [--headless, --remote-allow-origins=*, --window-size=1280,800, --disable-gpu, --no-sandbox, --allow-insecure-localhost], binary: C:\Program Files (x86)\Micr..., extensions: []}}]}]" type="org.openqa.selenium.SessionNotCreatedException"><![CDATA[org.openqa.selenium.SessionNotCreatedException: 
Could not start a new session. Response code 500. Message: session not created: Microsoft Edge failed to start: crashed.
  (session not created: DevToolsActivePort file doesn't exist)
  (The process started from msedge location C:\Program Files (x86)\Microsoft\Edge\Application\msedge.exe is no longer running, so msedgedriver is assuming that msedge has crashed.) 
Host info: host: 'DESKTOP-LJUN8GS', ip: '192.168.1.7'
Build info: version: '4.16.1', revision: '9b4c83354e'
System info: os.name: 'Windows 11', os.arch: 'amd64', os.version: '10.0', java.version: '17.0.6'
Driver info: org.openqa.selenium.edge.EdgeDriver
Command: [null, newSession {capabilities=[Capabilities {browserName: MicrosoftEdge, ms:edgeOptions: {args: [--headless, --remote-allow-origins=*, --window-size=1280,800, --disable-gpu, --no-sandbox, --allow-insecure-localhost], binary: C:\Program Files (x86)\Micr..., extensions: []}}]}]
	at org.openqa.selenium.remote.ProtocolHandshake.createSession(ProtocolHandshake.java:140)
	at org.openqa.selenium.remote.ProtocolHandshake.createSession(ProtocolHandshake.java:96)
	at org.openqa.selenium.remote.ProtocolHandshake.createSession(ProtocolHandshake.java:68)
	at org.openqa.selenium.remote.HttpCommandExecutor.execute(HttpCommandExecutor.java:163)
	at org.openqa.selenium.remote.service.DriverCommandExecutor.invokeExecute(DriverCommandExecutor.java:200)
	at org.openqa.selenium.remote.service.DriverCommandExecutor.execute(DriverCommandExecutor.java:175)
	at org.openqa.selenium.remote.RemoteWebDriver.execute(RemoteWebDriver.java:523)
	at org.openqa.selenium.remote.RemoteWebDriver.startSession(RemoteWebDriver.java:237)
	at org.openqa.selenium.remote.RemoteWebDriver.<init>(RemoteWebDriver.java:164)
	at org.openqa.selenium.chromium.ChromiumDriver.<init>(ChromiumDriver.java:114)
	at org.openqa.selenium.edge.EdgeDriver.<init>(EdgeDriver.java:61)
	at org.openqa.selenium.edge.EdgeDriver.<init>(EdgeDriver.java:57)
	at org.openqa.selenium.edge.EdgeDriver.<init>(EdgeDriver.java:49)
	at browsers.Edge.init_edge(Edge.java:19)
	at main.Setup.initialize_browser(Setup.java:53)
	at java.base/jdk.internal.reflect.NativeMethodAccessorImpl.invoke0(Native Method)
	at java.base/jdk.internal.reflect.NativeMethodAccessorImpl.invoke(NativeMethodAccessorImpl.java:77)
	at java.base/jdk.internal.reflect.DelegatingMethodAccessorImpl.invoke(DelegatingMethodAccessorImpl.java:43)
	at java.base/java.lang.reflect.Method.invoke(Method.java:568)
	at org.testng.internal.invokers.MethodInvocationHelper.invokeMethod(MethodInvocationHelper.java:139)
	at org.testng.internal.invokers.MethodInvocationHelper.invokeMethodConsideringTimeout(MethodInvocationHelper.java:69)
	at org.testng.internal.invokers.ConfigInvoker.invokeConfigurationMethod(ConfigInvoker.java:393)
	at org.testng.internal.invokers.ConfigInvoker.invokeConfigurations(ConfigInvoker.java:326)
	at org.testng.internal.invokers.TestInvoker.runConfigMethods(TestInvoker.java:810)
	at org.testng.internal.invokers.TestInvoker.invokeMethod(TestInvoker.java:578)
	at org.testng.internal.invokers.TestInvoker.invokeTestMethod(TestInvoker.java:228)
	at org.testng.internal.invokers.MethodRunner.runInSequence(MethodRunner.java:63)
	at org.testng.internal.invokers.TestInvoker$MethodInvocationAgent.invoke(TestInvoker.java:961)
	at org.testng.internal.invokers.TestInvoker.invokeTestMethods(TestInvoker.java:201)
	at org.testng.internal.invokers.TestMethodWorker.invokeTestMethods(TestMethodWorker.java:148)
	at org.testng.internal.invokers.TestMethodWorker.run(TestMethodWorker.java:128)
	at java.base/java.util.ArrayList.forEach(ArrayList.java:1511)
	at org.testng.TestRunner.privateRun(TestRunner.java:819)
	at org.testng.TestRunner.run(TestRunner.java:619)
	at org.testng.SuiteRunner.runTest(SuiteRunner.java:443)
	at org.testng.SuiteRunner$SuiteWorker.run(SuiteRunner.java:481)
	at org.testng.internal.thread.ThreadUtil.lambda$execute$0(ThreadUtil.java:58)
	at java.base/java.util.concurrent.FutureTask.run(FutureTask.java:264)
	at java.base/java.util.concurrent.ThreadPoolExecutor.runWorker(ThreadPoolExecutor.java:1136)
	at java.base/java.util.concurrent.ThreadPoolExecutor$Worker.run(ThreadPoolExecutor.java:635)
	at java.base/java.lang.Thread.run(Thread.java:833)
]]></failure>
    <system-err><![CDATA[SLF4J: Failed to load class "org.slf4j.impl.StaticLoggerBinder".
SLF4J: Defaulting to no-operation (NOP) logger implementation
SLF4J: See http://www.slf4j.org/codes.html#StaticLoggerBinder for further details.
]]></system-err>
  </testcase>
  <testcase name="failed_json_login[21,hhj](1)" classname="tests.Tests" time="0.0">
    <skipped message="Could not start a new session. Response code 500. Message: session not created: Microsoft Edge failed to start: crashed.&#10;  (session not created: DevToolsActivePort file doesn&apos;t exist)&#10;  (The process started from msedge location C:\Program Files (x86)\Microsoft\Edge\Application\msedge.exe is no longer running, so msedgedriver is assuming that msedge has crashed.) &#10;Host info: host: &apos;DESKTOP-LJUN8GS&apos;, ip: &apos;192.168.1.7&apos;&#10;Build info: version: &apos;4.16.1&apos;, revision: &apos;9b4c83354e&apos;&#10;System info: os.name: &apos;Windows 11&apos;, os.arch: &apos;amd64&apos;, os.version: &apos;10.0&apos;, java.version: &apos;17.0.6&apos;&#10;Driver info: org.openqa.selenium.edge.EdgeDriver&#10;Command: [null, newSession {capabilities=[Capabilities {browserName: MicrosoftEdge, ms:edgeOptions: {args: [--headless, --remote-allow-origins=*, --window-size=1280,800, --disable-gpu, --no-sandbox, --allow-insecure-localhost], binary: C:\Program Files (x86)\Micr..., extensions: []}}]}]"/>
  </testcase>
  <testcase name="failed_json_login[21,hhj](1)" classname="tests.Tests" time="0.44">
    <system-out><![CDATA[&amp#27;[32m2024 01 28 20 01 34 [TestNG-tests-1] INFO : start fire fox browser
&amp#27;[m&amp#27;[32m2024 01 28 20 01 34 [TestNG-tests-2] INFO : navigate to https://57191627-master-all.runbot138.odoo.com/
&amp#27;[m&amp#27;[32m2024 01 28 20 01 35 [TestNG-tests-2] INFO : clicking the home page sign in button link
&amp#27;[m&amp#27;[32m2024 01 28 20 01 35 [TestNG-tests-2] INFO : typing 21 at user name field
&amp#27;[m&amp#27;[32m2024 01 28 20 01 35 [TestNG-tests-2] INFO : typing hhj at password field
&amp#27;[m&amp#27;[32m2024 01 28 20 01 35 [TestNG-tests-1] INFO : navigate to https://57191627-master-all.runbot138.odoo.com/
&amp#27;[m&amp#27;[32m2024 01 28 20 01 36 [TestNG-tests-2] INFO : clicking the login button
&amp#27;[m]]></system-out>
  </testcase>
  <testcase name="failed_json_login[21,hhj](1)" classname="tests.Tests" time="1.139">
    <system-out><![CDATA[&amp#27;[32m2024 01 28 20 01 36 [TestNG-tests-1] INFO : clicking the home page sign in button link
&amp#27;[m&amp#27;[32m2024 01 28 20 01 36 [TestNG-tests-2] INFO : close browser
&amp#27;[m&amp#27;[32m2024 01 28 20 01 36 [TestNG-tests-1] INFO : typing 21 at user name field
&amp#27;[m&amp#27;[32m2024 01 28 20 01 36 [TestNG-tests-1] INFO : typing hhj at password field
&amp#27;[m&amp#27;[32m2024 01 28 20 01 37 [TestNG-tests-1] INFO : clicking the login button
&amp#27;[m]]></system-out>
  </testcase>
  <testcase name="close_browser" classname="tests.Tests" time="0.0">
    <skipped/>
  </testcase>
  <testcase name="close_browser" classname="tests.Tests" time="0.0">
    <skipped/>
  </testcase>
  <testcase name="close_browser" classname="tests.Tests" time="0.0">
    <skipped/>
  </testcase>
  <testcase name="close_browser" classname="tests.Tests" time="0.0">
    <skipped/>
  </testcase>
  <testcase name="close_browser" classname="tests.Tests" time="0.0">
    <skipped/>
  </testcase>
  <testcase name="close_browser" classname="tests.Tests" time="0.0">
    <skipped/>
  </testcase>
  <testcase name="close_browser" classname="tests.Tests" time="0.0">
    <skipped/>
  </testcase>
  <testcase name="close_browser" classname="tests.Tests" time="0.0">
    <skipped/>
  </testcase>
  <testcase name="close_browser" classname="tests.Tests" time="0.0">
    <skipped/>
  </testcase>
  <testcase name="close_browser" classname="tests.Tests" time="0.0">
    <skipped/>
  </testcase>
  <testcase name="initialize_browser" classname="tests.Tests" time="0.0">
    <skipped/>
  </testcase>
  <testcase name="initialize_browser" classname="tests.Tests" time="0.0">
    <skipped/>
  </testcase>
  <testcase name="initialize_browser" classname="tests.Tests" time="0.0">
    <skipped/>
  </testcase>
  <testcase name="initialize_browser" classname="tests.Tests" time="0.0">
    <skipped/>
  </testcase>
  <testcase name="initialize_browser" classname="tests.Tests" time="0.0">
    <skipped/>
  </testcase>
  <testcase name="initialize_browser" classname="tests.Tests" time="0.0">
    <skipped/>
    <system-out><![CDATA[&amp#27;[32m2024 01 28 20 01 33 [TestNG-tests-2] INFO : start chrome browser
&amp#27;[m]]></system-out>
    <system-err><![CDATA[Jan 28, 2024 8:57:32 PM org.openqa.selenium.devtools.CdpVersionFinder findNearestMatch
WARNING: Unable to find an exact match for CDP version 121, returning the closest version; found: 120; Please update to a Selenium version that supports CDP version 121
]]></system-err>
  </testcase>
  <testcase name="initialize_browser" classname="tests.Tests" time="0.0">
    <skipped/>
  </testcase>
  <testcase name="initialize_browser" classname="tests.Tests" time="0.0">
    <skipped/>
  </testcase>
  <testcase name="initialize_browser" classname="tests.Tests" time="0.0">
    <skipped/>
  </testcase>
  <testcase name="failed_json_login[,43dffdf](2)" classname="tests.Tests" time="0.0">
    <skipped message="Could not start a new session. Response code 500. Message: session not created: Microsoft Edge failed to start: crashed.&#10;  (session not created: DevToolsActivePort file doesn&apos;t exist)&#10;  (The process started from msedge location C:\Program Files (x86)\Microsoft\Edge\Application\msedge.exe is no longer running, so msedgedriver is assuming that msedge has crashed.) &#10;Host info: host: &apos;DESKTOP-LJUN8GS&apos;, ip: &apos;192.168.1.7&apos;&#10;Build info: version: &apos;4.16.1&apos;, revision: &apos;9b4c83354e&apos;&#10;System info: os.name: &apos;Windows 11&apos;, os.arch: &apos;amd64&apos;, os.version: &apos;10.0&apos;, java.version: &apos;17.0.6&apos;&#10;Driver info: org.openqa.selenium.edge.EdgeDriver&#10;Command: [null, newSession {capabilities=[Capabilities {browserName: MicrosoftEdge, ms:edgeOptions: {args: [--headless, --remote-allow-origins=*, --window-size=1280,800, --disable-gpu, --no-sandbox, --allow-insecure-localhost], binary: C:\Program Files (x86)\Micr..., extensions: []}}]}]"/>
  </testcase>
  <testcase name="failed_json_login[,43dffdf](2)" classname="tests.Tests" time="1.519">
    <system-out><![CDATA[&amp#27;[32m2024 01 28 20 01 37 [TestNG-tests-2] INFO : start chrome browser
&amp#27;[m&amp#27;[32m2024 01 28 20 01 37 [TestNG-tests-1] INFO : close browser
&amp#27;[m&amp#27;[32m2024 01 28 20 01 38 [TestNG-tests-2] INFO : navigate to https://57191627-master-all.runbot138.odoo.com/
&amp#27;[m&amp#27;[32m2024 01 28 20 01 39 [TestNG-tests-2] INFO : clicking the home page sign in button link
&amp#27;[m&amp#27;[32m2024 01 28 20 01 39 [TestNG-tests-2] INFO : typing  at user name field
&amp#27;[m&amp#27;[32m2024 01 28 20 01 39 [TestNG-tests-2] INFO : typing 43dffdf at password field
&amp#27;[m&amp#27;[32m2024 01 28 20 01 39 [TestNG-tests-1] INFO : start fire fox browser
&amp#27;[m&amp#27;[32m2024 01 28 20 01 39 [TestNG-tests-2] INFO : clicking the login button
&amp#27;[m]]></system-out>
    <system-err><![CDATA[Jan 28, 2024 8:57:37 PM org.openqa.selenium.devtools.CdpVersionFinder findNearestMatch
WARNING: Unable to find an exact match for CDP version 121, returning the closest version; found: 120; Please update to a Selenium version that supports CDP version 121
]]></system-err>
  </testcase>
  <testcase name="failed_json_login[,43dffdf](2)" classname="tests.Tests" time="1.107">
    <system-out><![CDATA[&amp#27;[32m2024 01 28 20 01 40 [TestNG-tests-2] INFO : close browser
&amp#27;[m&amp#27;[32m2024 01 28 20 01 41 [TestNG-tests-1] INFO : navigate to https://57191627-master-all.runbot138.odoo.com/
&amp#27;[m&amp#27;[32m2024 01 28 20 01 41 [TestNG-tests-2] INFO : start chrome browser
&amp#27;[m&amp#27;[32m2024 01 28 20 01 41 [TestNG-tests-1] INFO : clicking the home page sign in button link
&amp#27;[m&amp#27;[32m2024 01 28 20 01 41 [TestNG-tests-1] INFO : typing  at user name field
&amp#27;[m&amp#27;[32m2024 01 28 20 01 41 [TestNG-tests-1] INFO : typing 43dffdf at password field
&amp#27;[m&amp#27;[32m2024 01 28 20 01 42 [TestNG-tests-1] INFO : clicking the login button
&amp#27;[m]]></system-out>
    <system-err><![CDATA[Jan 28, 2024 8:57:41 PM org.openqa.selenium.devtools.CdpVersionFinder findNearestMatch
WARNING: Unable to find an exact match for CDP version 121, returning the closest version; found: 120; Please update to a Selenium version that supports CDP version 121
]]></system-err>
  </testcase>
  <testcase name="failed_json_login[gd,4dsfxvcz](3)" classname="tests.Tests" time="0.0">
    <skipped message="Could not start a new session. Response code 500. Message: session not created: Microsoft Edge failed to start: crashed.&#10;  (session not created: DevToolsActivePort file doesn&apos;t exist)&#10;  (The process started from msedge location C:\Program Files (x86)\Microsoft\Edge\Application\msedge.exe is no longer running, so msedgedriver is assuming that msedge has crashed.) &#10;Host info: host: &apos;DESKTOP-LJUN8GS&apos;, ip: &apos;192.168.1.7&apos;&#10;Build info: version: &apos;4.16.1&apos;, revision: &apos;9b4c83354e&apos;&#10;System info: os.name: &apos;Windows 11&apos;, os.arch: &apos;amd64&apos;, os.version: &apos;10.0&apos;, java.version: &apos;17.0.6&apos;&#10;Driver info: org.openqa.selenium.edge.EdgeDriver&#10;Command: [null, newSession {capabilities=[Capabilities {browserName: MicrosoftEdge, ms:edgeOptions: {args: [--headless, --remote-allow-origins=*, --window-size=1280,800, --disable-gpu, --no-sandbox, --allow-insecure-localhost], binary: C:\Program Files (x86)\Micr..., extensions: []}}]}]"/>
  </testcase>
  <testcase name="failed_json_login[gd,4dsfxvcz](3)" classname="tests.Tests" time="1.808">
    <system-out><![CDATA[&amp#27;[32m2024 01 28 20 01 43 [TestNG-tests-1] INFO : close browser
&amp#27;[m&amp#27;[32m2024 01 28 20 01 43 [TestNG-tests-2] INFO : navigate to https://57191627-master-all.runbot138.odoo.com/
&amp#27;[m&amp#27;[32m2024 01 28 20 01 43 [TestNG-tests-2] INFO : clicking the home page sign in button link
&amp#27;[m&amp#27;[32m2024 01 28 20 01 43 [TestNG-tests-2] INFO : typing gd at user name field
&amp#27;[m&amp#27;[32m2024 01 28 20 01 43 [TestNG-tests-2] INFO : typing 4dsfxvcz at password field
&amp#27;[m&amp#27;[32m2024 01 28 20 01 44 [TestNG-tests-1] INFO : start fire fox browser
&amp#27;[m&amp#27;[32m2024 01 28 20 01 45 [TestNG-tests-2] INFO : clicking the login button
&amp#27;[m]]></system-out>
  </testcase>
  <testcase name="failed_json_login[gd,4dsfxvcz](3)" classname="tests.Tests" time="0.596">
    <system-out><![CDATA[&amp#27;[32m2024 01 28 20 01 45 [TestNG-tests-2] INFO : close browser
&amp#27;[m&amp#27;[32m2024 01 28 20 01 45 [TestNG-tests-2] INFO : start chrome browser
&amp#27;[m&amp#27;[32m2024 01 28 20 01 46 [TestNG-tests-1] INFO : navigate to https://57191627-master-all.runbot138.odoo.com/
&amp#27;[m&amp#27;[32m2024 01 28 20 01 46 [TestNG-tests-1] INFO : clicking the home page sign in button link
&amp#27;[m&amp#27;[32m2024 01 28 20 01 46 [TestNG-tests-1] INFO : typing gd at user name field
&amp#27;[m&amp#27;[32m2024 01 28 20 01 46 [TestNG-tests-1] INFO : typing 4dsfxvcz at password field
&amp#27;[m&amp#27;[32m2024 01 28 20 01 46 [TestNG-tests-2] INFO : navigate to https://57191627-master-all.runbot138.odoo.com/
&amp#27;[m&amp#27;[32m2024 01 28 20 01 47 [TestNG-tests-1] INFO : clicking the login button
&amp#27;[m]]></system-out>
    <system-err><![CDATA[Jan 28, 2024 8:57:45 PM org.openqa.selenium.devtools.CdpVersionFinder findNearestMatch
WARNING: Unable to find an exact match for CDP version 121, returning the closest version; found: 120; Please update to a Selenium version that supports CDP version 121
]]></system-err>
  </testcase>
  <testcase name="failed_json_login[n kn,435](4)" classname="tests.Tests" time="0.0">
    <skipped message="Could not start a new session. Response code 500. Message: session not created: Microsoft Edge failed to start: crashed.&#10;  (session not created: DevToolsActivePort file doesn&apos;t exist)&#10;  (The process started from msedge location C:\Program Files (x86)\Microsoft\Edge\Application\msedge.exe is no longer running, so msedgedriver is assuming that msedge has crashed.) &#10;Host info: host: &apos;DESKTOP-LJUN8GS&apos;, ip: &apos;192.168.1.7&apos;&#10;Build info: version: &apos;4.16.1&apos;, revision: &apos;9b4c83354e&apos;&#10;System info: os.name: &apos;Windows 11&apos;, os.arch: &apos;amd64&apos;, os.version: &apos;10.0&apos;, java.version: &apos;17.0.6&apos;&#10;Driver info: org.openqa.selenium.edge.EdgeDriver&#10;Command: [null, newSession {capabilities=[Capabilities {browserName: MicrosoftEdge, ms:edgeOptions: {args: [--headless, --remote-allow-origins=*, --window-size=1280,800, --disable-gpu, --no-sandbox, --allow-insecure-localhost], binary: C:\Program Files (x86)\Micr..., extensions: []}}]}]"/>
  </testcase>
  <testcase name="failed_json_login[n kn,435](4)" classname="tests.Tests" time="2.157">
    <system-out><![CDATA[&amp#27;[32m2024 01 28 20 01 47 [TestNG-tests-2] INFO : clicking the home page sign in button link
&amp#27;[m&amp#27;[32m2024 01 28 20 01 47 [TestNG-tests-2] INFO : typing n kn at user name field
&amp#27;[m&amp#27;[32m2024 01 28 20 01 47 [TestNG-tests-2] INFO : typing 435 at password field
&amp#27;[m&amp#27;[32m2024 01 28 20 01 48 [TestNG-tests-1] INFO : close browser
&amp#27;[m&amp#27;[32m2024 01 28 20 01 49 [TestNG-tests-2] INFO : clicking the login button
&amp#27;[m]]></system-out>
  </testcase>
  <testcase name="failed_json_login[n kn,435](4)" classname="tests.Tests" time="1.389">
    <system-out><![CDATA[&amp#27;[32m2024 01 28 20 01 52 [TestNG-tests-1] INFO : clicking the login button
&amp#27;[m]]></system-out>
  </testcase>
  <testcase name="failed_login[jk, ljnm](1)" classname="tests.Tests" time="0.0">
    <skipped message="Could not start a new session. Response code 500. Message: session not created: Microsoft Edge failed to start: crashed.&#10;  (session not created: DevToolsActivePort file doesn&apos;t exist)&#10;  (The process started from msedge location C:\Program Files (x86)\Microsoft\Edge\Application\msedge.exe is no longer running, so msedgedriver is assuming that msedge has crashed.) &#10;Host info: host: &apos;DESKTOP-LJUN8GS&apos;, ip: &apos;192.168.1.7&apos;&#10;Build info: version: &apos;4.16.1&apos;, revision: &apos;9b4c83354e&apos;&#10;System info: os.name: &apos;Windows 11&apos;, os.arch: &apos;amd64&apos;, os.version: &apos;10.0&apos;, java.version: &apos;17.0.6&apos;&#10;Driver info: org.openqa.selenium.edge.EdgeDriver&#10;Command: [null, newSession {capabilities=[Capabilities {browserName: MicrosoftEdge, ms:edgeOptions: {args: [--headless, --remote-allow-origins=*, --window-size=1280,800, --disable-gpu, --no-sandbox, --allow-insecure-localhost], binary: C:\Program Files (x86)\Micr..., extensions: []}}]}]"/>
  </testcase>
  <testcase name="failed_login[jk, ljnm](1)" classname="tests.Tests" time="1.169">
    <system-out><![CDATA[&amp#27;[32m2024 01 28 20 01 49 [TestNG-tests-2] INFO : close browser
&amp#27;[m&amp#27;[32m2024 01 28 20 01 50 [TestNG-tests-2] INFO : start chrome browser
&amp#27;[m&amp#27;[32m2024 01 28 20 01 50 [TestNG-tests-1] INFO : start fire fox browser
&amp#27;[m&amp#27;[32m2024 01 28 20 01 50 [TestNG-tests-2] INFO : navigate to https://57191627-master-all.runbot138.odoo.com/
&amp#27;[m&amp#27;[32m2024 01 28 20 01 51 [TestNG-tests-1] INFO : navigate to https://57191627-master-all.runbot138.odoo.com/
&amp#27;[m&amp#27;[32m2024 01 28 20 01 51 [TestNG-tests-2] INFO : clicking the home page sign in button link
&amp#27;[m&amp#27;[32m2024 01 28 20 01 51 [TestNG-tests-2] INFO : typing jk at user name field
&amp#27;[m&amp#27;[32m2024 01 28 20 01 51 [TestNG-tests-2] INFO : typing ljnm at password field
&amp#27;[m&amp#27;[32m2024 01 28 20 01 51 [TestNG-tests-1] INFO : clicking the home page sign in button link
&amp#27;[m&amp#27;[32m2024 01 28 20 01 51 [TestNG-tests-1] INFO : typing n kn at user name field
&amp#27;[m&amp#27;[32m2024 01 28 20 01 51 [TestNG-tests-1] INFO : typing 435 at password field
&amp#27;[m&amp#27;[32m2024 01 28 20 01 52 [TestNG-tests-2] INFO : clicking the login button
&amp#27;[m]]></system-out>
    <system-err><![CDATA[Jan 28, 2024 8:57:50 PM org.openqa.selenium.devtools.CdpVersionFinder findNearestMatch
WARNING: Unable to find an exact match for CDP version 121, returning the closest version; found: 120; Please update to a Selenium version that supports CDP version 121
]]></system-err>
  </testcase>
  <testcase name="failed_login[jk, ljnm](1)" classname="tests.Tests" time="0.96">
    <system-out><![CDATA[&amp#27;[32m2024 01 28 20 01 57 [TestNG-tests-1] INFO : navigate to https://57191627-master-all.runbot138.odoo.com/
&amp#27;[m&amp#27;[32m2024 01 28 20 01 57 [TestNG-tests-2] INFO : close browser
&amp#27;[m&amp#27;[32m2024 01 28 20 01 57 [TestNG-tests-1] INFO : clicking the home page sign in button link
&amp#27;[m&amp#27;[32m2024 01 28 20 01 57 [TestNG-tests-1] INFO : typing jk at user name field
&amp#27;[m&amp#27;[32m2024 01 28 20 01 57 [TestNG-tests-1] INFO : typing ljnm at password field
&amp#27;[m&amp#27;[32m2024 01 28 20 01 58 [TestNG-tests-1] INFO : clicking the login button
&amp#27;[m]]></system-out>
  </testcase>
  <testcase name="failed_login[sjd, sdfkj](2)" classname="tests.Tests" time="0.0">
    <skipped message="Could not start a new session. Response code 500. Message: session not created: Microsoft Edge failed to start: crashed.&#10;  (session not created: DevToolsActivePort file doesn&apos;t exist)&#10;  (The process started from msedge location C:\Program Files (x86)\Microsoft\Edge\Application\msedge.exe is no longer running, so msedgedriver is assuming that msedge has crashed.) &#10;Host info: host: &apos;DESKTOP-LJUN8GS&apos;, ip: &apos;192.168.1.7&apos;&#10;Build info: version: &apos;4.16.1&apos;, revision: &apos;9b4c83354e&apos;&#10;System info: os.name: &apos;Windows 11&apos;, os.arch: &apos;amd64&apos;, os.version: &apos;10.0&apos;, java.version: &apos;17.0.6&apos;&#10;Driver info: org.openqa.selenium.edge.EdgeDriver&#10;Command: [null, newSession {capabilities=[Capabilities {browserName: MicrosoftEdge, ms:edgeOptions: {args: [--headless, --remote-allow-origins=*, --window-size=1280,800, --disable-gpu, --no-sandbox, --allow-insecure-localhost], binary: C:\Program Files (x86)\Micr..., extensions: []}}]}]"/>
  </testcase>
  <testcase name="failed_login[sjd, sdfkj](2)" classname="tests.Tests" time="2.117">
    <system-out><![CDATA[&amp#27;[32m2024 01 28 20 01 53 [TestNG-tests-2] INFO : close browser
&amp#27;[m&amp#27;[32m2024 01 28 20 01 53 [TestNG-tests-1] INFO : close browser
&amp#27;[m&amp#27;[32m2024 01 28 20 01 54 [TestNG-tests-2] INFO : start chrome browser
&amp#27;[m&amp#27;[32m2024 01 28 20 01 54 [TestNG-tests-2] INFO : navigate to https://57191627-master-all.runbot138.odoo.com/
&amp#27;[m&amp#27;[32m2024 01 28 20 01 55 [TestNG-tests-1] INFO : start fire fox browser
&amp#27;[m&amp#27;[32m2024 01 28 20 01 55 [TestNG-tests-2] INFO : clicking the home page sign in button link
&amp#27;[m&amp#27;[32m2024 01 28 20 01 55 [TestNG-tests-2] INFO : typing sjd at user name field
&amp#27;[m&amp#27;[32m2024 01 28 20 01 55 [TestNG-tests-2] INFO : typing sdfkj at password field
&amp#27;[m&amp#27;[32m2024 01 28 20 01 57 [TestNG-tests-2] INFO : clicking the login button
&amp#27;[m]]></system-out>
    <system-err><![CDATA[Jan 28, 2024 8:57:54 PM org.openqa.selenium.devtools.CdpVersionFinder findNearestMatch
WARNING: Unable to find an exact match for CDP version 121, returning the closest version; found: 120; Please update to a Selenium version that supports CDP version 121
]]></system-err>
  </testcase>
  <testcase name="failed_login[sjd, sdfkj](2)" classname="tests.Tests" time="1.036">
    <system-out><![CDATA[&amp#27;[32m2024 01 28 20 01 01 [TestNG-tests-2] INFO : close browser
&amp#27;[m&amp#27;[32m2024 01 28 20 01 01 [TestNG-tests-1] INFO : navigate to https://57191627-master-all.runbot138.odoo.com/
&amp#27;[m&amp#27;[32m2024 01 28 20 01 02 [TestNG-tests-1] INFO : clicking the home page sign in button link
&amp#27;[m&amp#27;[32m2024 01 28 20 01 02 [TestNG-tests-1] INFO : typing sjd at user name field
&amp#27;[m&amp#27;[32m2024 01 28 20 01 02 [TestNG-tests-1] INFO : typing sdfkj at password field
&amp#27;[m&amp#27;[32m2024 01 28 20 01 02 [TestNG-tests-2] INFO : start chrome browser
&amp#27;[m&amp#27;[32m2024 01 28 20 01 02 [TestNG-tests-1] INFO : clicking the login button
&amp#27;[m]]></system-out>
    <system-err><![CDATA[Jan 28, 2024 8:58:02 PM org.openqa.selenium.devtools.CdpVersionFinder findNearestMatch
WARNING: Unable to find an exact match for CDP version 121, returning the closest version; found: 120; Please update to a Selenium version that supports CDP version 121
]]></system-err>
  </testcase>
  <testcase name="failed_login_excel[salah1, efsd](1)" classname="tests.Tests" time="0.0">
    <skipped message="Could not start a new session. Response code 500. Message: session not created: Microsoft Edge failed to start: crashed.&#10;  (session not created: DevToolsActivePort file doesn&apos;t exist)&#10;  (The process started from msedge location C:\Program Files (x86)\Microsoft\Edge\Application\msedge.exe is no longer running, so msedgedriver is assuming that msedge has crashed.) &#10;Host info: host: &apos;DESKTOP-LJUN8GS&apos;, ip: &apos;192.168.1.7&apos;&#10;Build info: version: &apos;4.16.1&apos;, revision: &apos;9b4c83354e&apos;&#10;System info: os.name: &apos;Windows 11&apos;, os.arch: &apos;amd64&apos;, os.version: &apos;10.0&apos;, java.version: &apos;17.0.6&apos;&#10;Driver info: org.openqa.selenium.edge.EdgeDriver&#10;Command: [null, newSession {capabilities=[Capabilities {browserName: MicrosoftEdge, ms:edgeOptions: {args: [--headless, --remote-allow-origins=*, --window-size=1280,800, --disable-gpu, --no-sandbox, --allow-insecure-localhost], binary: C:\Program Files (x86)\Micr..., extensions: []}}]}]"/>
  </testcase>
  <testcase name="failed_login_excel[salah1, efsd](1)" classname="tests.Tests" time="2.074">
    <system-out><![CDATA[&amp#27;[32m2024 01 28 20 01 58 [TestNG-tests-2] INFO : start chrome browser
&amp#27;[m&amp#27;[32m2024 01 28 20 01 58 [TestNG-tests-1] INFO : close browser
&amp#27;[m&amp#27;[32m2024 01 28 20 01 59 [TestNG-tests-2] INFO : navigate to https://57191627-master-all.runbot138.odoo.com/
&amp#27;[m&amp#27;[32m2024 01 28 20 01 59 [TestNG-tests-2] INFO : clicking the home page sign in button link
&amp#27;[m&amp#27;[32m2024 01 28 20 01 00 [TestNG-tests-2] INFO : typing salah1 at user name field
&amp#27;[m&amp#27;[32m2024 01 28 20 01 00 [TestNG-tests-2] INFO : typing efsd at password field
&amp#27;[m&amp#27;[32m2024 01 28 20 01 00 [TestNG-tests-1] INFO : start fire fox browser
&amp#27;[m&amp#27;[32m2024 01 28 20 01 01 [TestNG-tests-2] INFO : clicking the login button
&amp#27;[m]]></system-out>
    <system-err><![CDATA[Jan 28, 2024 8:57:58 PM org.openqa.selenium.devtools.CdpVersionFinder findNearestMatch
WARNING: Unable to find an exact match for CDP version 121, returning the closest version; found: 120; Please update to a Selenium version that supports CDP version 121
]]></system-err>
  </testcase>
  <testcase name="failed_login_excel[salah1, efsd](1)" classname="tests.Tests" time="0.986">
    <system-out><![CDATA[&amp#27;[32m2024 01 28 20 01 05 [TestNG-tests-2] INFO : close browser
&amp#27;[m&amp#27;[32m2024 01 28 20 01 06 [TestNG-tests-1] INFO : navigate to https://57191627-master-all.runbot138.odoo.com/
&amp#27;[m&amp#27;[32m2024 01 28 20 01 06 [TestNG-tests-1] INFO : clicking the home page sign in button link
&amp#27;[m&amp#27;[32m2024 01 28 20 01 06 [TestNG-tests-1] INFO : typing salah1 at user name field
&amp#27;[m&amp#27;[32m2024 01 28 20 01 06 [TestNG-tests-2] INFO : start chrome browser
&amp#27;[m&amp#27;[32m2024 01 28 20 01 06 [TestNG-tests-1] INFO : typing efsd at password field
&amp#27;[m&amp#27;[32m2024 01 28 20 01 07 [TestNG-tests-1] INFO : clicking the login button
&amp#27;[m]]></system-out>
    <system-err><![CDATA[Jan 28, 2024 8:58:06 PM org.openqa.selenium.devtools.CdpVersionFinder findNearestMatch
WARNING: Unable to find an exact match for CDP version 121, returning the closest version; found: 120; Please update to a Selenium version that supports CDP version 121
]]></system-err>
  </testcase>
  <testcase name="failed_login_excel[salah2, dsfx](2)" classname="tests.Tests" time="0.0">
    <skipped message="Could not start a new session. Response code 500. Message: session not created: Microsoft Edge failed to start: crashed.&#10;  (session not created: DevToolsActivePort file doesn&apos;t exist)&#10;  (The process started from msedge location C:\Program Files (x86)\Microsoft\Edge\Application\msedge.exe is no longer running, so msedgedriver is assuming that msedge has crashed.) &#10;Host info: host: &apos;DESKTOP-LJUN8GS&apos;, ip: &apos;192.168.1.7&apos;&#10;Build info: version: &apos;4.16.1&apos;, revision: &apos;9b4c83354e&apos;&#10;System info: os.name: &apos;Windows 11&apos;, os.arch: &apos;amd64&apos;, os.version: &apos;10.0&apos;, java.version: &apos;17.0.6&apos;&#10;Driver info: org.openqa.selenium.edge.EdgeDriver&#10;Command: [null, newSession {capabilities=[Capabilities {browserName: MicrosoftEdge, ms:edgeOptions: {args: [--headless, --remote-allow-origins=*, --window-size=1280,800, --disable-gpu, --no-sandbox, --allow-insecure-localhost], binary: C:\Program Files (x86)\Micr..., extensions: []}}]}]"/>
  </testcase>
  <testcase name="failed_login_excel[salah2, dsfx](2)" classname="tests.Tests" time="1.831">
    <system-out><![CDATA[&amp#27;[32m2024 01 28 20 01 03 [TestNG-tests-1] INFO : close browser
&amp#27;[m&amp#27;[32m2024 01 28 20 01 03 [TestNG-tests-2] INFO : navigate to https://57191627-master-all.runbot138.odoo.com/
&amp#27;[m&amp#27;[32m2024 01 28 20 01 04 [TestNG-tests-2] INFO : clicking the home page sign in button link
&amp#27;[m&amp#27;[32m2024 01 28 20 01 04 [TestNG-tests-2] INFO : typing salah2 at user name field
&amp#27;[m&amp#27;[32m2024 01 28 20 01 04 [TestNG-tests-2] INFO : typing dsfx at password field
&amp#27;[m&amp#27;[32m2024 01 28 20 01 05 [TestNG-tests-1] INFO : start fire fox browser
&amp#27;[m&amp#27;[32m2024 01 28 20 01 05 [TestNG-tests-2] INFO : clicking the login button
&amp#27;[m]]></system-out>
  </testcase>
  <testcase name="failed_login_excel[salah2, dsfx](2)" classname="tests.Tests" time="0.969">
    <system-out><![CDATA[&amp#27;[32m2024 01 28 20 01 10 [TestNG-tests-2] INFO : close browser
&amp#27;[m&amp#27;[32m2024 01 28 20 01 11 [TestNG-tests-1] INFO : navigate to https://57191627-master-all.runbot138.odoo.com/
&amp#27;[m&amp#27;[32m2024 01 28 20 01 11 [TestNG-tests-1] INFO : clicking the home page sign in button link
&amp#27;[m&amp#27;[32m2024 01 28 20 01 11 [TestNG-tests-2] INFO : start chrome browser
&amp#27;[m&amp#27;[32m2024 01 28 20 01 11 [TestNG-tests-1] INFO : typing salah2 at user name field
&amp#27;[m&amp#27;[32m2024 01 28 20 01 11 [TestNG-tests-1] INFO : typing dsfx at password field
&amp#27;[m&amp#27;[32m2024 01 28 20 01 12 [TestNG-tests-1] INFO : clicking the login button
&amp#27;[m]]></system-out>
    <system-err><![CDATA[Jan 28, 2024 8:58:11 PM org.openqa.selenium.devtools.CdpVersionFinder findNearestMatch
WARNING: Unable to find an exact match for CDP version 121, returning the closest version; found: 120; Please update to a Selenium version that supports CDP version 121
]]></system-err>
  </testcase>
  <testcase name="failed_login_excel[salah3, vxc](3)" classname="tests.Tests" time="0.0">
    <skipped message="Could not start a new session. Response code 500. Message: session not created: Microsoft Edge failed to start: crashed.&#10;  (session not created: DevToolsActivePort file doesn&apos;t exist)&#10;  (The process started from msedge location C:\Program Files (x86)\Microsoft\Edge\Application\msedge.exe is no longer running, so msedgedriver is assuming that msedge has crashed.) &#10;Host info: host: &apos;DESKTOP-LJUN8GS&apos;, ip: &apos;192.168.1.7&apos;&#10;Build info: version: &apos;4.16.1&apos;, revision: &apos;9b4c83354e&apos;&#10;System info: os.name: &apos;Windows 11&apos;, os.arch: &apos;amd64&apos;, os.version: &apos;10.0&apos;, java.version: &apos;17.0.6&apos;&#10;Driver info: org.openqa.selenium.edge.EdgeDriver&#10;Command: [null, newSession {capabilities=[Capabilities {browserName: MicrosoftEdge, ms:edgeOptions: {args: [--headless, --remote-allow-origins=*, --window-size=1280,800, --disable-gpu, --no-sandbox, --allow-insecure-localhost], binary: C:\Program Files (x86)\Micr..., extensions: []}}]}]"/>
  </testcase>
  <testcase name="failed_login_excel[salah3, vxc](3)" classname="tests.Tests" time="1.702">
    <system-out><![CDATA[&amp#27;[32m2024 01 28 20 01 08 [TestNG-tests-1] INFO : close browser
&amp#27;[m&amp#27;[32m2024 01 28 20 01 08 [TestNG-tests-2] INFO : navigate to https://57191627-master-all.runbot138.odoo.com/
&amp#27;[m&amp#27;[32m2024 01 28 20 01 09 [TestNG-tests-2] INFO : clicking the home page sign in button link
&amp#27;[m&amp#27;[32m2024 01 28 20 01 09 [TestNG-tests-2] INFO : typing salah3 at user name field
&amp#27;[m&amp#27;[32m2024 01 28 20 01 09 [TestNG-tests-2] INFO : typing vxc at password field
&amp#27;[m&amp#27;[32m2024 01 28 20 01 09 [TestNG-tests-1] INFO : start fire fox browser
&amp#27;[m&amp#27;[32m2024 01 28 20 01 10 [TestNG-tests-2] INFO : clicking the login button
&amp#27;[m]]></system-out>
  </testcase>
  <testcase name="failed_login_excel[salah3, vxc](3)" classname="tests.Tests" time="1.022">
    <system-out><![CDATA[&amp#27;[32m2024 01 28 20 01 14 [TestNG-tests-1] INFO : start fire fox browser
&amp#27;[m&amp#27;[32m2024 01 28 20 01 14 [TestNG-tests-2] INFO : close browser
&amp#27;[m&amp#27;[32m2024 01 28 20 01 15 [TestNG-tests-1] INFO : navigate to https://57191627-master-all.runbot138.odoo.com/
&amp#27;[m&amp#27;[32m2024 01 28 20 01 16 [TestNG-tests-1] INFO : clicking the home page sign in button link
&amp#27;[m&amp#27;[32m2024 01 28 20 01 16 [TestNG-tests-1] INFO : typing salah3 at user name field
&amp#27;[m&amp#27;[32m2024 01 28 20 01 16 [TestNG-tests-1] INFO : typing vxc at password field
&amp#27;[m&amp#27;[32m2024 01 28 20 01 16 [TestNG-tests-1] INFO : clicking the login button
&amp#27;[m]]></system-out>
  </testcase>
  <testcase name="successfull_login" classname="tests.Tests" time="0.0">
    <skipped message="Could not start a new session. Response code 500. Message: session not created: Microsoft Edge failed to start: crashed.&#10;  (session not created: DevToolsActivePort file doesn&apos;t exist)&#10;  (The process started from msedge location C:\Program Files (x86)\Microsoft\Edge\Application\msedge.exe is no longer running, so msedgedriver is assuming that msedge has crashed.) &#10;Host info: host: &apos;DESKTOP-LJUN8GS&apos;, ip: &apos;192.168.1.7&apos;&#10;Build info: version: &apos;4.16.1&apos;, revision: &apos;9b4c83354e&apos;&#10;System info: os.name: &apos;Windows 11&apos;, os.arch: &apos;amd64&apos;, os.version: &apos;10.0&apos;, java.version: &apos;17.0.6&apos;&#10;Driver info: org.openqa.selenium.edge.EdgeDriver&#10;Command: [null, newSession {capabilities=[Capabilities {browserName: MicrosoftEdge, ms:edgeOptions: {args: [--headless, --remote-allow-origins=*, --window-size=1280,800, --disable-gpu, --no-sandbox, --allow-insecure-localhost], binary: C:\Program Files (x86)\Micr..., extensions: []}}]}]"/>
  </testcase>
  <testcase name="successfull_login" classname="tests.Tests" time="1.52">
    <system-out><![CDATA[&amp#27;[32m2024 01 28 20 01 12 [TestNG-tests-2] INFO : navigate to https://57191627-master-all.runbot138.odoo.com/
&amp#27;[m&amp#27;[32m2024 01 28 20 01 13 [TestNG-tests-1] INFO : close browser
&amp#27;[m&amp#27;[32m2024 01 28 20 01 13 [TestNG-tests-2] INFO : clicking the home page sign in button link
&amp#27;[m&amp#27;[32m2024 01 28 20 01 13 [TestNG-tests-2] INFO : typing admin at user name field
&amp#27;[m&amp#27;[32m2024 01 28 20 01 13 [TestNG-tests-2] INFO : typing admin at password field
&amp#27;[m&amp#27;[32m2024 01 28 20 01 14 [TestNG-tests-2] INFO : clicking the login button
&amp#27;[m]]></system-out>
  </testcase>
  <testcase name="successfull_login" classname="tests.Tests" time="0.934">
    <system-out><![CDATA[&amp#27;[32m2024 01 28 20 01 17 [TestNG-tests-1] INFO : close browser
&amp#27;[m&amp#27;[32m2024 01 28 20 01 19 [TestNG-tests-1] INFO : start fire fox browser
&amp#27;[m&amp#27;[32m2024 01 28 20 01 20 [TestNG-tests-1] INFO : navigate to https://57191627-master-all.runbot138.odoo.com/
&amp#27;[m&amp#27;[32m2024 01 28 20 01 20 [TestNG-tests-1] INFO : clicking the home page sign in button link
&amp#27;[m&amp#27;[32m2024 01 28 20 01 20 [TestNG-tests-1] INFO : typing admin at user name field
&amp#27;[m&amp#27;[32m2024 01 28 20 01 20 [TestNG-tests-1] INFO : typing admin at password field
&amp#27;[m&amp#27;[32m2024 01 28 20 01 21 [TestNG-tests-1] INFO : clicking the login button
&amp#27;[m]]></system-out>
  </testcase>
</testsuite>