<?xml version="1.0" encoding="UTF-8"?>
<!-- Generated by org.testng.reporters.JUnitReportReporter -->
<testsuite hostname="DESKTOP-LJUN8GS" failures="0" tests="31" name="tests.Tests" time="95.255" errors="1" timestamp="2024-01-28T20:58:22 EET" skipped="10">
  <testcase classname="tests.Tests" name="failed_json_login" time="4.694"/>
  <testcase classname="tests.Tests" name="failed_login" time="0.000">
    <skipped/>
  </testcase> <!-- failed_login -->
  <testcase classname="tests.Tests" name="failed_login" time="4.694"/>
  <testcase classname="tests.Tests" name="failed_login" time="3.328"/>
  <testcase classname="tests.Tests" name="failed_json_login" time="5.089"/>
  <testcase classname="tests.Tests" name="failed_login_excel" time="3.826"/>
  <testcase classname="tests.Tests" name="failed_json_login" time="4.864"/>
  <testcase classname="tests.Tests" name="failed_login" time="4.533"/>
  <testcase classname="tests.Tests" name="failed_json_login" time="0.000">
    <skipped/>
  </testcase> <!-- failed_json_login -->
  <testcase classname="tests.Tests" name="failed_login" time="4.560"/>
  <testcase classname="tests.Tests" name="failed_login_excel" time="0.000">
    <skipped/>
  </testcase> <!-- failed_login_excel -->
  <testcase classname="tests.Tests" name="successfull_login" time="4.993"/>
  <testcase classname="tests.Tests" name="failed_json_login" time="5.247"/>
  <testcase classname="tests.Tests" name="failed_json_login" time="4.493"/>
  <testcase classname="tests.Tests" name="failed_json_login" time="0.001">
    <skipped/>
  </testcase> <!-- failed_json_login -->
  <testcase classname="tests.Tests" name="failed_login_excel" time="5.859"/>
  <testcase classname="tests.Tests" name="failed_json_login" time="3.593"/>
  <testcase classname="tests.Tests" name="initialize_browser" time="1.048">
    <error message="Could not start a new session. Response code 500. Message: session not created: Microsoft Edge failed to start: crashed.
  (session not created: DevToolsActivePort file doesn&#039;t exist)
  (The process started from msedge location C:\Program Files (x86)\Microsoft\Edge\Application\msedge.exe is no longer running, so msedgedriver is assuming that msedge has crashed.) 
Host info: host: &#039;DESKTOP-LJUN8GS&#039;, ip: &#039;192.168.1.7&#039;
Build info: version: &#039;4.16.1&#039;, revision: &#039;9b4c83354e&#039;
System info: os.name: &#039;Windows 11&#039;, os.arch: &#039;amd64&#039;, os.version: &#039;10.0&#039;, java.version: &#039;17.0.6&#039;
Driver info: org.openqa.selenium.edge.EdgeDriver
Command: [null, newSession {capabilities=[Capabilities {browserName: MicrosoftEdge, ms:edgeOptions: {args: [--headless, --remote-allow-origins=*, --window-size=1280,800, --disable-gpu, --no-sandbox, --allow-insecure-localhost], binary: C:\Program Files (x86)\Micr..., extensions: []}}]}]" type="org.openqa.selenium.SessionNotCreatedException">
      <![CDATA[org.openqa.selenium.SessionNotCreatedException: Could not start a new session. Response code 500. Message: session not created: Microsoft Edge failed to start: crashed.
  (session not created: DevToolsActivePort file doesn't exist)
  (The process started from msedge location C:\Program Files (x86)\Microsoft\Edge\Application\msedge.exe is no longer running, so msedgedriver is assuming that msedge has crashed.) 
Host info: host: 'DESKTOP-LJUN8GS', ip: '192.168.1.7'
Build info: version: '4.16.1', revision: '9b4c83354e'
System info: os.name: 'Windows 11', os.arch: 'amd64', os.version: '10.0', java.version: '17.0.6'
Driver info: org.openqa.selenium.edge.EdgeDriver
Command: [null, newSession {capabilities=[Capabilities {browserName: MicrosoftEdge, ms:edgeOptions: {args: [--headless, --remote-allow-origins=*, --window-size=1280,800, --disable-gpu, --no-sandbox, --allow-insecure-localhost], binary: C:\Program Files (x86)\Micr..., extensions: []}}]}]
at org.openqa.selenium.remote.ProtocolHandshake.createSession(ProtocolHandshake.java:140)
at org.openqa.selenium.remote.ProtocolHandshake.createSession(ProtocolHandshake.java:96)
at org.openqa.selenium.remote.ProtocolHandshake.createSession(ProtocolHandshake.java:68)
at org.openqa.selenium.remote.HttpCommandExecutor.execute(HttpCommandExecutor.java:163)
at org.openqa.selenium.remote.service.DriverCommandExecutor.invokeExecute(DriverCommandExecutor.java:200)
at org.openqa.selenium.remote.service.DriverCommandExecutor.execute(DriverCommandExecutor.java:175)
at org.openqa.selenium.remote.RemoteWebDriver.execute(RemoteWebDriver.java:523)
at org.openqa.selenium.remote.RemoteWebDriver.startSession(RemoteWebDriver.java:237)
at org.openqa.selenium.remote.RemoteWebDriver.<init>(RemoteWebDriver.java:164)
at org.openqa.selenium.chromium.ChromiumDriver.<init>(ChromiumDriver.java:114)
at org.openqa.selenium.edge.EdgeDriver.<init>(EdgeDriver.java:61)
at org.openqa.selenium.edge.EdgeDriver.<init>(EdgeDriver.java:57)
at org.openqa.selenium.edge.EdgeDriver.<init>(EdgeDriver.java:49)
at browsers.Edge.init_edge(Edge.java:19)
at main.Setup.initialize_browser(Setup.java:53)
at java.base/jdk.internal.reflect.NativeMethodAccessorImpl.invoke0(Native Method)
at java.base/jdk.internal.reflect.NativeMethodAccessorImpl.invoke(NativeMethodAccessorImpl.java:77)
at java.base/jdk.internal.reflect.DelegatingMethodAccessorImpl.invoke(DelegatingMethodAccessorImpl.java:43)
at java.base/java.lang.reflect.Method.invoke(Method.java:568)
at org.testng.internal.invokers.MethodInvocationHelper.invokeMethod(MethodInvocationHelper.java:139)
at org.testng.internal.invokers.MethodInvocationHelper.invokeMethodConsideringTimeout(MethodInvocationHelper.java:69)
at org.testng.internal.invokers.ConfigInvoker.invokeConfigurationMethod(ConfigInvoker.java:393)
at org.testng.internal.invokers.ConfigInvoker.invokeConfigurations(ConfigInvoker.java:326)
at org.testng.internal.invokers.TestInvoker.runConfigMethods(TestInvoker.java:810)
at org.testng.internal.invokers.TestInvoker.invokeMethod(TestInvoker.java:578)
at org.testng.internal.invokers.TestInvoker.invokeTestMethod(TestInvoker.java:228)
at org.testng.internal.invokers.MethodRunner.runInSequence(MethodRunner.java:63)
at org.testng.internal.invokers.TestInvoker$MethodInvocationAgent.invoke(TestInvoker.java:961)
at org.testng.internal.invokers.TestInvoker.invokeTestMethods(TestInvoker.java:201)
at org.testng.internal.invokers.TestMethodWorker.invokeTestMethods(TestMethodWorker.java:148)
at org.testng.internal.invokers.TestMethodWorker.run(TestMethodWorker.java:128)
at java.base/java.util.ArrayList.forEach(ArrayList.java:1511)
at org.testng.TestRunner.privateRun(TestRunner.java:819)
at org.testng.TestRunner.run(TestRunner.java:619)
at org.testng.SuiteRunner.runTest(SuiteRunner.java:443)
at org.testng.SuiteRunner$SuiteWorker.run(SuiteRunner.java:481)
at org.testng.internal.thread.ThreadUtil.lambda$execute$0(ThreadUtil.java:58)
at java.base/java.util.concurrent.FutureTask.run(FutureTask.java:264)
at java.base/java.util.concurrent.ThreadPoolExecutor.runWorker(ThreadPoolExecutor.java:1136)
at java.base/java.util.concurrent.ThreadPoolExecutor$Worker.run(ThreadPoolExecutor.java:635)
at java.base/java.lang.Thread.run(Thread.java:833)
]]>
    </error>
  </testcase> <!-- initialize_browser -->
  <testcase classname="tests.Tests" name="failed_login_excel" time="3.865"/>
  <testcase classname="tests.Tests" name="failed_login" time="0.001">
    <skipped/>
  </testcase> <!-- failed_login -->
  <testcase classname="tests.Tests" name="failed_json_login" time="0.000">
    <skipped/>
  </testcase> <!-- failed_json_login -->
  <testcase classname="tests.Tests" name="failed_json_login" time="4.949"/>
  <testcase classname="tests.Tests" name="failed_login_excel" time="4.651"/>
  <testcase classname="tests.Tests" name="failed_login_excel" time="0.000">
    <skipped/>
  </testcase> <!-- failed_login_excel -->
  <testcase classname="tests.Tests" name="successfull_login" time="0.000">
    <skipped/>
  </testcase> <!-- successfull_login -->
  <testcase classname="tests.Tests" name="failed_login_excel" time="6.323"/>
  <testcase classname="tests.Tests" name="failed_login_excel" time="5.530"/>
  <testcase classname="tests.Tests" name="failed_login_excel" time="0.000">
    <skipped/>
  </testcase> <!-- failed_login_excel -->
  <testcase classname="tests.Tests" name="successfull_login" time="4.268"/>
  <testcase classname="tests.Tests" name="failed_json_login" time="0.000">
    <skipped/>
  </testcase> <!-- failed_json_login -->
  <testcase classname="tests.Tests" name="failed_json_login" time="4.846"/>
</testsuite> <!-- tests.Tests -->
